[+] Containers:
 |- [+] Container: /Game/FirstPerson/Maps/Level1
 |   |- [+] ActorDescs:
 |   |   |- Guid:02E8817D4C0ABAC2071C169BF7EF6C90 BaseClass: NativeClass:/Script/Engine.StaticMeshActor Name:StaticMeshActor_9 Label:SM_Cube5 SpatiallyLoaded:1 Bounds:IsValid=true, Min=(X=-0.000 Y=100.000 Z=0.000), Max=(X=100.000 Y=3400.000 Z=1109.435) RuntimeGrid:None EditorOnly:0 RuntimeOnly:0 HLODRelevant:1 FolderPath:Playground FolderGuid:6C02BB504B69D1F3D7A624B130C18E5B
 |   |   |- Guid:030A89514833F236D29913A882EAD39F BaseClass: NativeClass:/Script/Engine.StaticMeshActor Name:StaticMeshActor_UAID_E0D4E8DF723934AE01_1127590059 Label:Cube4 SpatiallyLoaded:1 Bounds:IsValid=true, Min=(X=2095.827 Y=1562.541 Z=260.000), Max=(X=2692.173 Y=2293.459 Z=360.000) RuntimeGrid:None EditorOnly:0 RuntimeOnly:0 HLODRelevant:1
 |   |   |- Guid:0440183F425AAE332F519FA7A3607367 BaseClass: NativeClass:/Script/Engine.StaticMeshActor Name:StaticMeshActor_UAID_E0D4E8DF723934AE01_1154773060 Label:Cube5 SpatiallyLoaded:1 Bounds:IsValid=true, Min=(X=2569.008 Y=2776.468 Z=43.108), Max=(X=2870.992 Y=3083.532 Z=143.108) RuntimeGrid:None EditorOnly:0 RuntimeOnly:0 HLODRelevant:1
 |   |   |- Guid:046FFEEF4067677B03E985BA94EC7F7F BaseClass:/Game/Blueprints/MovablePlatform.MovablePlatform_C NativeClass:/Script/Engine.Actor Name:MovablePlatform_C_UAID_E0D4E8DF72399BAE01_2041592189 Label:MovablePlatform5 SpatiallyLoaded:1 Bounds:IsValid=true, Min=(X=1932.500 Y=2735.000 Z=-190.000), Max=(X=2307.500 Y=2985.000 Z=-90.000) RuntimeGrid:None EditorOnly:0 RuntimeOnly:0 HLODRelevant:0
 |   |   |- Guid:073C9D0F4CE3B53A66B38D8A6A745539 BaseClass: NativeClass:/Script/Engine.StaticMeshActor Name:StaticMeshActor_UAID_E0D4E8DF723935AE01_2063248251 Label:Cylinder5 SpatiallyLoaded:1 Bounds:IsValid=true, Min=(X=870.000 Y=1850.000 Z=-654.225), Max=(X=970.000 Y=1950.000 Z=554.225) RuntimeGrid:None EditorOnly:0 RuntimeOnly:0 HLODRelevant:1
 |   |   |- Guid:0F2647A74CFD65D7AB134B818E85DC13 BaseClass: NativeClass:/Script/Engine.CameraActor Name:CameraActor_UAID_E0D4E8DF723959AE01_1215055567 Label:CameraActor2 SpatiallyLoaded:1 Bounds:IsValid=true, Min=(X=2606.733 Y=2651.388 Z=115.324), Max=(X=2606.733 Y=2651.388 Z=115.324) RuntimeGrid:None EditorOnly:0 RuntimeOnly:0 HLODRelevant:0
 |   |   |- Guid:0F7C33634EF625FF187027B220CB55A9 BaseClass: NativeClass:/Script/Engine.StaticMeshActor Name:StaticMeshActor_UAID_E0D4E8DF723935AE01_2119987253 Label:Cube12 SpatiallyLoaded:1 Bounds:IsValid=true, Min=(X=759.008 Y=633.079 Z=610.000), Max=(X=1060.992 Y=1506.921 Z=710.000) RuntimeGrid:None EditorOnly:0 RuntimeOnly:0 HLODRelevant:1
 |   |   |- Guid:1037AF4B4B92876048F1039D0D6E3693 BaseClass: NativeClass:/Script/Engine.StaticMeshActor Name:StaticMeshActor_UAID_E0D4E8DF723950AE01_1350985000 Label:CubeGridToolOutput2 SpatiallyLoaded:1 Bounds:IsValid=true, Min=(X=2500.000 Y=2600.000 Z=600.000), Max=(X=2900.000 Y=3300.000 Z=800.000) RuntimeGrid:None EditorOnly:0 RuntimeOnly:0 HLODRelevant:0
 |   |   |- Guid:1B2569054C4595CB2CF73784149A381C BaseClass:/Game/Blueprints/Lever.Lever_C NativeClass:/Script/Engine.Actor Name:Lever_C_UAID_E0D4E8DF72394FAE01_2054549820 Label:Lever3 SpatiallyLoaded:1 Bounds:IsValid=true, Min=(X=618.973 Y=2663.244 Z=698.000), Max=(X=682.973 Y=2749.992 Z=794.749) RuntimeGrid:None EditorOnly:0 RuntimeOnly:0 HLODRelevant:0
 |   |   |- Guid:22C5DC6E44A3F9368150569E6083CFC3 BaseClass: NativeClass:/Script/Engine.StaticMeshActor Name:StaticMeshActor_UAID_E0D4E8DF723934AE01_1197365063 Label:Cube8 SpatiallyLoaded:1 Bounds:IsValid=true, Min=(X=727.226 Y=3009.008 Z=80.000), Max=(X=1092.774 Y=3310.992 Z=180.000) RuntimeGrid:None EditorOnly:0 RuntimeOnly:0 HLODRelevant:1
 |   |   |- Guid:2B0F290E42A956CD1F814385CB26B2AC BaseClass:/Game/Blueprints/RespawnPoint.RespawnPoint_C NativeClass:/Script/Engine.Actor Name:RespawnPoint_C_UAID_E0D4E8DF723947AE01_1830537401 Label:RespawnPoint SpatiallyLoaded:1 Bounds:IsValid=true, Min=(X=1852.321 Y=1074.799 Z=92.859), Max=(X=2156.321 Y=1234.799 Z=333.644) RuntimeGrid:None EditorOnly:0 RuntimeOnly:0 HLODRelevant:0
 |   |   |- Guid:2C4FDEBF4F065251834B2AB9F825CD9B BaseClass: NativeClass:/Script/Engine.SkyLight Name:SkyLight_0 Label:SkyLight SpatiallyLoaded:0 Bounds:IsValid=true, Min=(X=0.000 Y=0.000 Z=690.000), Max=(X=0.000 Y=0.000 Z=690.000) RuntimeGrid:None EditorOnly:0 RuntimeOnly:0 HLODRelevant:0 FolderPath:Lighting FolderGuid:0BA5F0A04EADB18E70D5B180D08FA34B
 |   |   |- Guid:2D6C827D4C9DE573B34755BE31C36371 BaseClass: NativeClass:/Script/Engine.StaticMeshActor Name:StaticMeshActor_UAID_E0D4E8DF723935AE01_2055914250 Label:Cylinder4 SpatiallyLoaded:1 Bounds:IsValid=true, Min=(X=870.000 Y=2050.000 Z=-583.220), Max=(X=970.000 Y=2150.000 Z=483.220) RuntimeGrid:None EditorOnly:0 RuntimeOnly:0 HLODRelevant:1
 |   |   |- Guid:304CA73644D4E76DB147B7B639F7AB9B BaseClass: NativeClass:/Script/Engine.StaticMeshActor Name:StaticMeshActor_UAID_E0D4E8DF72399AAE01_1735737010 Label:CubeGridToolOutput3 SpatiallyLoaded:1 Bounds:IsValid=true, Min=(X=1300.000 Y=2600.000 Z=-100.000), Max=(X=2000.000 Y=3200.000 Z=2000.000) RuntimeGrid:None EditorOnly:0 RuntimeOnly:0 HLODRelevant:0
 |   |   |- Guid:35AF73AA4110D75D65CE3B9A1026BC5C BaseClass:/Game/Blueprints/Lever.Lever_C NativeClass:/Script/Engine.Actor Name:Lever_C_UAID_E0D4E8DF72399AAE01_1272319008 Label:Lever4 SpatiallyLoaded:1 Bounds:IsValid=true, Min=(X=1448.000 Y=2404.497 Z=598.000), Max=(X=1512.000 Y=2472.000 Z=691.654) RuntimeGrid:None EditorOnly:0 RuntimeOnly:0 HLODRelevant:0
 |   |   |- Guid:3783A2E7436FA59BB98C4EB1E624CE91 BaseClass:/Game/Blueprints/Coin.Coin_C NativeClass:/Script/Engine.Actor Name:Coin_C_UAID_E0D4E8DF723947AE01_1889035403 Label:Coin2 SpatiallyLoaded:1 Bounds:IsValid=true, Min=(X=894.420 Y=823.721 Z=708.000), Max=(X=958.420 Y=887.721 Z=772.000) RuntimeGrid:None EditorOnly:0 RuntimeOnly:0 HLODRelevant:0
 |   |   |- Guid:3A22E9CF487F89034EFC0796C6C04861 BaseClass: NativeClass:/Script/Engine.StaticMeshActor Name:StaticMeshActor_UAID_E0D4E8DF723934AE01_1079255058 Label:Cube3 SpatiallyLoaded:1 Bounds:IsValid=true, Min=(X=1736.518 Y=810.236 Z=-157.345), Max=(X=2151.482 Y=1409.764 Z=277.345) RuntimeGrid:None EditorOnly:0 RuntimeOnly:0 HLODRelevant:1
 |   |   |- Guid:3B65294F42EF223F647EC29FEF358CA2 BaseClass: NativeClass:/Script/Engine.PlayerStart Name:PlayerStart_0 Label:PlayerStart SpatiallyLoaded:0 Bounds:IsValid=true, Min=(X=2750.900 Y=2894.009 Z=143.508), Max=(X=2830.900 Y=2974.009 Z=327.508) RuntimeGrid:None EditorOnly:0 RuntimeOnly:0 HLODRelevant:0
 |   |   |- Guid:3D7ADCB24A23D33E7F8B08921504345B BaseClass: NativeClass:/Script/Engine.StaticMeshActor Name:StaticMeshActor_UAID_E0D4E8DF723934AE01_1738680068 Label:Cylinder SpatiallyLoaded:1 Bounds:IsValid=true, Min=(X=870.000 Y=2710.000 Z=-341.153), Max=(X=970.000 Y=2810.000 Z=241.153) RuntimeGrid:None EditorOnly:0 RuntimeOnly:0 HLODRelevant:1
 |   |   |- Guid:3F2D2A774EE4D9A3CEFAC3A0A6031EB3 BaseClass: NativeClass:/Script/Engine.DirectionalLight Name:DirectionalLight_1 Label:DirectionalLight SpatiallyLoaded:0 Bounds:IsValid=true, Min=(X=-4398046511104.000 Y=-4398046511104.000 Z=-4398046511104.000), Max=(X=4398046511104.000 Y=4398046511104.000 Z=4398046511104.000) RuntimeGrid:None EditorOnly:0 RuntimeOnly:0 HLODRelevant:0 FolderPath:Lighting FolderGuid:0BA5F0A04EADB18E70D5B180D08FA34B
 |   |   |- Guid:454DB29243CE6B62A3BE1C9D85462D0B BaseClass:/Game/Blueprints/RespawnPoint.RespawnPoint_C NativeClass:/Script/Engine.Actor Name:RespawnPoint_C_UAID_E0D4E8DF723950AE01_1269010999 Label:RespawnPoint3 SpatiallyLoaded:1 Bounds:IsValid=true, Min=(X=589.629 Y=2764.921 Z=620.000), Max=(X=893.629 Y=2924.921 Z=860.785) RuntimeGrid:None EditorOnly:0 RuntimeOnly:0 HLODRelevant:0
 |   |   |- Guid:461991814A56772F76447881A8CCE5DC BaseClass: NativeClass:/Script/Engine.WorldDataLayers Name:WorldDataLayers Label:WorldDataLayers SpatiallyLoaded:0 Bounds:IsValid=true, Min=(X=0.000 Y=0.000 Z=0.000), Max=(X=0.000 Y=0.000 Z=0.000) RuntimeGrid:None EditorOnly:0 RuntimeOnly:0 HLODRelevant:0
 |   |   |- Guid:4B39F8ED4C05ED252B6D01BA9617C701 BaseClass: NativeClass:/Script/Engine.CameraActor Name:CameraActor_UAID_E0D4E8DF723934AE01_1922049071 Label:CameraActor SpatiallyLoaded:1 Bounds:IsValid=true, Min=(X=2772.980 Y=2999.792 Z=777.451), Max=(X=2772.980 Y=2999.792 Z=777.451) RuntimeGrid:None EditorOnly:0 RuntimeOnly:0 HLODRelevant:0
 |   |   |- Guid:500BE7764477A8962D5A47B434609D86 BaseClass: NativeClass:/Script/Engine.StaticMeshActor Name:StaticMeshActor_UAID_E0D4E8DF723934AE01_1222263066 Label:Cube11 SpatiallyLoaded:1 Bounds:IsValid=true, Min=(X=129.008 Y=123.079 Z=240.000), Max=(X=430.992 Y=996.921 Z=340.000) RuntimeGrid:None EditorOnly:0 RuntimeOnly:0 HLODRelevant:1
 |   |   |- Guid:561BD01B4772E64D1A92A8AFB8FC6485 BaseClass:/Game/Blueprints/MovablePlatform.MovablePlatform_C NativeClass:/Script/Engine.Actor Name:MovablePlatform_C_UAID_E0D4E8DF72399AAE01_2105718012 Label:MovablePlatform4 SpatiallyLoaded:1 Bounds:IsValid=true, Min=(X=1436.189 Y=2836.908 Z=610.690), Max=(X=1811.189 Y=3086.908 Z=710.690) RuntimeGrid:None EditorOnly:0 RuntimeOnly:0 HLODRelevant:0
 |   |   |- Guid:56514771421ED38E32ECE5A44AE9C800 BaseClass: NativeClass:/Script/Engine.StaticMeshActor Name:StaticMeshActor_3 Label:SM_Cube2 SpatiallyLoaded:1 Bounds:IsValid=true, Min=(X=-0.000 Y=2304.853 Z=0.000), Max=(X=3000.000 Y=2404.853 Z=1109.435) RuntimeGrid:None EditorOnly:0 RuntimeOnly:0 HLODRelevant:1 FolderPath:Playground FolderGuid:6C02BB504B69D1F3D7A624B130C18E5B
 |   |   |- Guid:5EA33F744D5D3928E649B2BB6C6D8FD2 BaseClass:/Game/Blueprints/MovablePlatform.MovablePlatform_C NativeClass:/Script/Engine.Actor Name:MovablePlatform_C_UAID_E0D4E8DF72394FAE01_2025440819 Label:MovablePlatform3 SpatiallyLoaded:1 Bounds:IsValid=true, Min=(X=2376.189 Y=2446.908 Z=610.690), Max=(X=2751.189 Y=2696.908 Z=710.690) RuntimeGrid:None EditorOnly:0 RuntimeOnly:0 HLODRelevant:0
 |   |   |- Guid:69AB03204A5778A90C378EA27AFC886F BaseClass: NativeClass:/Script/Engine.StaticMeshActor Name:StaticMeshActor_UAID_E0D4E8DF723935AE01_2037814249 Label:Cylinder3 SpatiallyLoaded:1 Bounds:IsValid=true, Min=(X=870.000 Y=2250.000 Z=-509.163), Max=(X=970.000 Y=2350.000 Z=409.163) RuntimeGrid:None EditorOnly:0 RuntimeOnly:0 HLODRelevant:1
 |   |   |- Guid:6A151D064262562B8CCD8A9FA3182A2E BaseClass: NativeClass:/Script/Engine.StaticMeshActor Name:StaticMeshActor_0 Label:SM_Cube SpatiallyLoaded:1 Bounds:IsValid=true, Min=(X=0.000 Y=0.000 Z=-50.000), Max=(X=3000.000 Y=3500.000 Z=0.000) RuntimeGrid:None EditorOnly:0 RuntimeOnly:0 HLODRelevant:1 FolderPath:Playground FolderGuid:6C02BB504B69D1F3D7A624B130C18E5B
 |   |   |- Guid:6C511B9B45B7C3C88565E09AA5FFA5BF BaseClass: NativeClass:/Script/Engine.PostProcessVolume Name:PostProcessVolume_0 Label:PostProcessVolume SpatiallyLoaded:0 Bounds:IsValid=true, Min=(X=0.000 Y=0.000 Z=400.000), Max=(X=200.000 Y=200.000 Z=600.000) RuntimeGrid:None EditorOnly:0 RuntimeOnly:0 HLODRelevant:0 FolderPath:Lighting FolderGuid:0BA5F0A04EADB18E70D5B180D08FA34B
 |   |   |- Guid:7645A39245690E8D966A708B5E0CE3D0 BaseClass:/Game/Blueprints/Lever.Lever_C NativeClass:/Script/Engine.Actor Name:Lever_C_UAID_E0D4E8DF72399CAE01_1105173366 Label:Lever5 SpatiallyLoaded:1 Bounds:IsValid=true, Min=(X=2528.000 Y=2784.497 Z=698.000), Max=(X=2592.000 Y=2852.000 Z=791.654) RuntimeGrid:None EditorOnly:0 RuntimeOnly:0 HLODRelevant:0
 |   |   |- Guid:78B085CA43D7EA2340C9B897A51CDBFB BaseClass: NativeClass:/Script/Engine.StaticMeshActor Name:StaticMeshActor_UAID_E0D4E8DF723934AE01_1185110062 Label:Cube7 SpatiallyLoaded:1 Bounds:IsValid=true, Min=(X=1064.956 Y=2457.655 Z=-10.000), Max=(X=1409.812 Y=2829.963 Z=90.000) RuntimeGrid:None EditorOnly:0 RuntimeOnly:0 HLODRelevant:1
 |   |   |- Guid:7986EB8740479C00ADB14D8FEA0608D8 BaseClass: NativeClass:/Script/Engine.StaticMeshActor Name:StaticMeshActor_UAID_E0D4E8DF723936AE01_1353580431 Label:Cube14 SpatiallyLoaded:1 Bounds:IsValid=true, Min=(X=2199.008 Y=176.468 Z=690.000), Max=(X=2500.992 Y=483.532 Z=790.000) RuntimeGrid:None EditorOnly:0 RuntimeOnly:0 HLODRelevant:1
 |   |   |- Guid:7CECFDCF4CBAB39323AF93AF7786E15B BaseClass: NativeClass:/Script/LevelSequence.LevelSequenceActor Name:LevelSequenceActor_UAID_E0D4E8DF723959AE01_1369933568 Label:MainMenuSequence SpatiallyLoaded:0 Bounds:IsValid=true, Min=(X=2184.496 Y=2815.945 Z=171.269), Max=(X=2184.496 Y=2815.945 Z=171.269) RuntimeGrid:None EditorOnly:0 RuntimeOnly:0 HLODRelevant:0
 |   |   |- Guid:81B215174F5F943716C4CD981697FD20 BaseClass:/Game/Blueprints/Door.Door_C NativeClass:/Script/Engine.Actor Name:Door_C_UAID_E0D4E8DF72399CAE01_1409331368 Label:Door SpatiallyLoaded:1 Bounds:IsValid=true, Min=(X=1507.554 Y=2638.000 Z=1492.000), Max=(X=1694.569 Y=2782.000 Z=1769.064) RuntimeGrid:None EditorOnly:0 RuntimeOnly:0 HLODRelevant:0
 |   |   |- Guid:858DD40B4FF638AFA49C1F8CEAABEF36 BaseClass: NativeClass:/Script/Engine.StaticMeshActor Name:StaticMeshActor_UAID_E0D4E8DF723936AE01_1161745430 Label:Cube13 SpatiallyLoaded:1 Bounds:IsValid=true, Min=(X=583.716 Y=179.008 Z=214.930), Max=(X=1816.284 Y=480.992 Z=745.070) RuntimeGrid:None EditorOnly:0 RuntimeOnly:0 HLODRelevant:1
 |   |   |- Guid:85D191CF4658C05DF5943B8FAEB5E4E3 BaseClass:/Game/Blueprints/Coin.Coin_C NativeClass:/Script/Engine.Actor Name:Coin_C_UAID_E0D4E8DF72394FAE01_2120130822 Label:Coin4 SpatiallyLoaded:1 Bounds:IsValid=true, Min=(X=1915.195 Y=3216.710 Z=734.021), Max=(X=1979.195 Y=3280.710 Z=798.872) RuntimeGrid:None EditorOnly:0 RuntimeOnly:0 HLODRelevant:0
 |   |   |- Guid:86B3116A4CDF2B01BBE50C9551985881 BaseClass: NativeClass:/Script/Engine.TextRenderActor Name:TextRenderActor_1 Label:TextRenderActor SpatiallyLoaded:1 Bounds:IsValid=true, Min=(X=-0.100 Y=1100.000 Z=65.013), Max=(X=-0.100 Y=2363.461 Z=215.013) RuntimeGrid:None EditorOnly:0 RuntimeOnly:0 HLODRelevant:0
 |   |   |- Guid:88B910294ED7F96025E79E90A9AC3E3C BaseClass: NativeClass:/Script/Engine.StaticMeshActor Name:StaticMeshActor_10 Label:SM_Cube6 SpatiallyLoaded:1 Bounds:IsValid=true, Min=(X=2900.000 Y=100.000 Z=0.000), Max=(X=3000.000 Y=3400.000 Z=1109.435) RuntimeGrid:None EditorOnly:0 RuntimeOnly:0 HLODRelevant:1 FolderPath:Playground FolderGuid:6C02BB504B69D1F3D7A624B130C18E5B
 |   |   |- Guid:8C450D5345A6BA732075B1AD65DF659E BaseClass: NativeClass:/Script/Engine.StaticMeshActor Name:StaticMeshActor_UAID_E0D4E8DF723935AE01_2080593252 Label:Cylinder6 SpatiallyLoaded:1 Bounds:IsValid=true, Min=(X=870.000 Y=1650.000 Z=-748.908), Max=(X=970.000 Y=1750.000 Z=648.908) RuntimeGrid:None EditorOnly:0 RuntimeOnly:0 HLODRelevant:1
 |   |   |- Guid:8EC921CE47C98D533ED3A6A590C41300 BaseClass: NativeClass:/Script/Engine.SkyAtmosphere Name:SkyAtmosphere_0 Label:SkyAtmosphere SpatiallyLoaded:0 Bounds:IsValid=true, Min=(X=0.000 Y=0.000 Z=1020.000), Max=(X=0.000 Y=0.000 Z=1020.000) RuntimeGrid:None EditorOnly:0 RuntimeOnly:0 HLODRelevant:0 FolderPath:Lighting FolderGuid:0BA5F0A04EADB18E70D5B180D08FA34B
 |   |   |- Guid:8EFE029F4F9914C0C17F61AE8DD6FBF8 BaseClass:/Game/Blueprints/Lever.Lever_C NativeClass:/Script/Engine.Actor Name:Lever_C_UAID_E0D4E8DF723947AE01_1467173399 Label:Lever SpatiallyLoaded:1 Bounds:IsValid=true, Min=(X=1588.124 Y=327.114 Z=108.000), Max=(X=1674.873 Y=391.114 Z=204.749) RuntimeGrid:None EditorOnly:0 RuntimeOnly:0 HLODRelevant:0
 |   |   |- Guid:99C66D9448B1D536C444CBB9317AB289 BaseClass: NativeClass:/Script/Engine.StaticMeshActor Name:StaticMeshActor_UAID_E0D4E8DF723934AE01_1217107065 Label:Cube10 SpatiallyLoaded:1 Bounds:IsValid=true, Min=(X=129.008 Y=1424.167 Z=-109.427), Max=(X=430.992 Y=2515.833 Z=369.427) RuntimeGrid:None EditorOnly:0 RuntimeOnly:0 HLODRelevant:1
 |   |   |- Guid:9D288C8549D783CF6E4B248468853A5A BaseClass:/Game/Blueprints/Lava.Lava_C NativeClass:/Script/Engine.Actor Name:Lava_C_UAID_98EECBE0F0D327AE01_1263531767 Label:Lava SpatiallyLoaded:1 Bounds:IsValid=true, Min=(X=-390.000 Y=-480.000 Z=-13.685), Max=(X=3450.000 Y=4000.000 Z=50.315) RuntimeGrid:None EditorOnly:0 RuntimeOnly:0 HLODRelevant:1
 |   |   |- Guid:A3365C48469F5CF66B33B5866A350878 BaseClass:/Game/Blueprints/MovablePlatform.MovablePlatform_C NativeClass:/Script/Engine.Actor Name:MovablePlatform_C_UAID_E0D4E8DF72394FAE01_1303393812 Label:MovablePlatform2 SpatiallyLoaded:1 Bounds:IsValid=true, Min=(X=1935.937 Y=2800.657 Z=-130.944), Max=(X=2310.937 Y=3050.657 Z=-30.944) RuntimeGrid:None EditorOnly:0 RuntimeOnly:0 HLODRelevant:0
 |   |   |- Guid:B221547147FD9F23C8888CB0C7AE39A6 BaseClass: NativeClass:/Script/Engine.StaticMeshActor Name:StaticMeshActor_UAID_E0D4E8DF723934AE01_1208636064 Label:Cube9 SpatiallyLoaded:1 Bounds:IsValid=true, Min=(X=148.012 Y=2682.227 Z=80.000), Max=(X=491.988 Y=3277.773 Z=180.000) RuntimeGrid:None EditorOnly:0 RuntimeOnly:0 HLODRelevant:1
 |   |   |- Guid:BBDCAAE24C8679CE432A9A841485F4B4 BaseClass: NativeClass:/Script/Engine.StaticMeshActor Name:StaticMeshActor_UAID_E0D4E8DF723934AE01_1168070061 Label:Cube6 SpatiallyLoaded:1 Bounds:IsValid=true, Min=(X=1589.181 Y=1990.615 Z=10.000), Max=(X=1890.819 Y=2549.385 Z=110.000) RuntimeGrid:None EditorOnly:0 RuntimeOnly:0 HLODRelevant:1
 |   |   |- Guid:BF0CD0424178F1A8C33819A5215B1EA6 BaseClass: NativeClass:/Script/Engine.StaticMeshActor Name:StaticMeshActor_UAID_E0D4E8DF723950AE01_1361910001 Label:Cylinder8 SpatiallyLoaded:1 Bounds:IsValid=true, Min=(X=2514.415 Y=3200.257 Z=-777.930), Max=(X=2614.415 Y=3300.257 Z=794.963) RuntimeGrid:None EditorOnly:0 RuntimeOnly:0 HLODRelevant:1
 |   |   |- Guid:C7298E2443D1A12345AFBC8EF557A142 BaseClass: NativeClass:/Script/Engine.PostProcessVolume Name:PostProcessVolume_UAID_E0D4E8DF72392EAE01_1626674999 Label:PostProcessVolume2 SpatiallyLoaded:0 Bounds:IsValid=true, Min=(X=-1070.000 Y=1620.000 Z=1380.000), Max=(X=-870.000 Y=1820.000 Z=1580.000) RuntimeGrid:None EditorOnly:0 RuntimeOnly:0 HLODRelevant:0
 |   |   |- Guid:C9612C1E4B5C305527E648895598F195 BaseClass:/Game/Blueprints/Coin.Coin_C NativeClass:/Script/Engine.Actor Name:Coin_C_UAID_E0D4E8DF72394FAE01_1556400817 Label:Coin3 SpatiallyLoaded:1 Bounds:IsValid=true, Min=(X=1689.787 Y=2484.906 Z=140.739), Max=(X=1753.787 Y=2548.906 Z=204.739) RuntimeGrid:None EditorOnly:0 RuntimeOnly:0 HLODRelevant:0
 |   |   |- Guid:CB37B9BD45E438746B6FE295D4EDD22E BaseClass: NativeClass:/Script/Engine.ExponentialHeightFog Name:ExponentialHeightFog_0 Label:ExponentialHeightFog SpatiallyLoaded:0 Bounds:IsValid=true, Min=(X=-5600.000 Y=-50.000 Z=-6850.000), Max=(X=-5600.000 Y=-50.000 Z=-6850.000) RuntimeGrid:None EditorOnly:0 RuntimeOnly:0 HLODRelevant:0 FolderPath:Lighting FolderGuid:0BA5F0A04EADB18E70D5B180D08FA34B
 |   |   |- Guid:D03F98344D3523401E0245B4377FB7BF BaseClass: NativeClass:/Script/Engine.StaticMeshActor Name:StaticMeshActor_UAID_E0D4E8DF72394FAE01_2093832821 Label:Cylinder7 SpatiallyLoaded:1 Bounds:IsValid=true, Min=(X=1903.385 Y=3195.089 Z=-836.446), Max=(X=2003.385 Y=3295.089 Z=736.446) RuntimeGrid:None EditorOnly:0 RuntimeOnly:0 HLODRelevant:1
 |   |   |- Guid:D097706C485DCF0A8886BA9AD10E2F2F BaseClass:/Game/Blueprints/MovablePlatform.MovablePlatform_C NativeClass:/Script/Engine.Actor Name:MovablePlatform_C_UAID_E0D4E8DF723947AE01_1550472400 Label:MovablePlatform SpatiallyLoaded:1 Bounds:IsValid=true, Min=(X=1453.507 Y=605.853 Z=-221.391), Max=(X=1828.507 Y=855.853 Z=-121.391) RuntimeGrid:None EditorOnly:0 RuntimeOnly:0 HLODRelevant:0
 |   |   |- Guid:D4464795444A0ACC8854129360D25B6F BaseClass: NativeClass:/Script/Engine.StaticMeshActor Name:StaticMeshActor_UAID_E0D4E8DF723933AE01_2121112881 Label:Cube2 SpatiallyLoaded:1 Bounds:IsValid=true, Min=(X=1989.008 Y=106.468 Z=10.000), Max=(X=2290.992 Y=413.532 Z=110.000) RuntimeGrid:None EditorOnly:0 RuntimeOnly:0 HLODRelevant:1
 |   |   |- Guid:DB2BA60F465F28B599D133927A945D74 BaseClass: NativeClass:/Script/Engine.StaticMeshActor Name:StaticMeshActor_UAID_E0D4E8DF72399AAE01_1236339007 Label:Cylinder9 SpatiallyLoaded:1 Bounds:IsValid=true, Min=(X=1423.385 Y=2415.089 Z=-996.446), Max=(X=1523.385 Y=2515.089 Z=576.446) RuntimeGrid:None EditorOnly:0 RuntimeOnly:0 HLODRelevant:1
 |   |   |- Guid:E2DF22464BDBF2C4B41E609A8F063865 BaseClass:/Game/Blueprints/Coin.Coin_C NativeClass:/Script/Engine.Actor Name:Coin_C_UAID_E0D4E8DF723947AE01_1871069402 Label:Coin SpatiallyLoaded:1 Bounds:IsValid=true, Min=(X=897.062 Y=2484.906 Z=353.641), Max=(X=961.062 Y=2548.906 Z=417.641) RuntimeGrid:None EditorOnly:0 RuntimeOnly:0 HLODRelevant:0
 |   |   |- Guid:E958029D4D7211587C18109A111FA6B9 BaseClass: NativeClass:/Script/Engine.StaticMeshActor Name:StaticMeshActor_4 Label:SM_Cube3 SpatiallyLoaded:1 Bounds:IsValid=true, Min=(X=0.000 Y=3400.000 Z=0.000), Max=(X=3000.000 Y=3500.000 Z=1109.435) RuntimeGrid:None EditorOnly:0 RuntimeOnly:0 HLODRelevant:1 FolderPath:Playground FolderGuid:6C02BB504B69D1F3D7A624B130C18E5B
 |   |   |- Guid:EC5BEE404765C694412606AE3FD7BED7 BaseClass: NativeClass:/Script/Engine.VolumetricCloud Name:VolumetricCloud_0 Label:VolumetricCloud SpatiallyLoaded:0 Bounds:IsValid=true, Min=(X=0.000 Y=0.000 Z=820.000), Max=(X=0.000 Y=0.000 Z=820.000) RuntimeGrid:None EditorOnly:0 RuntimeOnly:0 HLODRelevant:0 FolderPath:Lighting FolderGuid:0BA5F0A04EADB18E70D5B180D08FA34B
 |   |   |- Guid:EE5354BC45353F84CAB86597A2CCB482 BaseClass: NativeClass:/Script/Engine.StaticMeshActor Name:StaticMeshActor_UAID_E0D4E8DF723935AE01_1982322248 Label:Cylinder2 SpatiallyLoaded:1 Bounds:IsValid=true, Min=(X=870.000 Y=2450.000 Z=-440.688), Max=(X=970.000 Y=2550.000 Z=340.688) RuntimeGrid:None EditorOnly:0 RuntimeOnly:0 HLODRelevant:1
 |   |   |- Guid:F1078D804EC73155FCA702B75AF00426 BaseClass:/Game/Blueprints/RespawnPoint.RespawnPoint_C NativeClass:/Script/Engine.Actor Name:RespawnPoint_C_UAID_E0D4E8DF72394FAE01_1370865814 Label:RespawnPoint2 SpatiallyLoaded:1 Bounds:IsValid=true, Min=(X=2395.870 Y=2764.721 Z=63.108), Max=(X=2699.870 Y=2924.721 Z=303.893) RuntimeGrid:None EditorOnly:0 RuntimeOnly:0 HLODRelevant:0
 |   |   |- Guid:F2501B3740F49536D23BE89F09F11768 BaseClass: NativeClass:/Script/Engine.StaticMeshActor Name:StaticMeshActor_UAID_E0D4E8DF72399AAE01_1768225011 Label:SM_Cube4 SpatiallyLoaded:1 Bounds:IsValid=true, Min=(X=0.000 Y=0.000 Z=2110.000), Max=(X=3000.000 Y=3500.000 Z=2160.000) RuntimeGrid:None EditorOnly:0 RuntimeOnly:0 HLODRelevant:1 FolderPath:Playground FolderGuid:6C02BB504B69D1F3D7A624B130C18E5B
 |   |   |- Guid:F47D53A245A75B61FB208EA6ED204119 BaseClass:/Game/Blueprints/LavaPipe.LavaPipe_C NativeClass:/Script/Engine.Actor Name:LavaPipe_C_UAID_E0D4E8DF72394FAE01_1383428815 Label:LavaPipe SpatiallyLoaded:1 Bounds:IsValid=true, Min=(X=2151.784 Y=3191.710 Z=49.774), Max=(X=2221.784 Y=3440.706 Z=323.243) RuntimeGrid:None EditorOnly:0 RuntimeOnly:0 HLODRelevant:0
 |   |   |- Guid:F5FEFB1F454649E1F2AE608640124689 BaseClass: NativeClass:/Script/Engine.StaticMeshActor Name:StaticMeshActor_UAID_A4AE111137DC5EFB00_2001720423 Label:SM_SkySphere SpatiallyLoaded:0 Bounds:IsValid=true, Min=(X=-1638400.000 Y=-1638430.000 Z=-1638400.000), Max=(X=1638400.000 Y=1638370.000 Z=1638400.000) RuntimeGrid:None EditorOnly:0 RuntimeOnly:0 HLODRelevant:1 FolderPath:Lighting FolderGuid:0BA5F0A04EADB18E70D5B180D08FA34B
 |   |   |- Guid:FB7964624CF829D2D84EFA83F2D42294 BaseClass: NativeClass:/Script/Engine.StaticMeshActor Name:StaticMeshActor_UAID_E0D4E8DF723933AE01_1970514880 Label:Cube SpatiallyLoaded:1 Bounds:IsValid=true, Min=(X=1449.008 Y=106.468 Z=10.000), Max=(X=1750.992 Y=413.532 Z=110.000) RuntimeGrid:None EditorOnly:0 RuntimeOnly:0 HLODRelevant:1
 |   |   |- Guid:FF6B32184AE978016BAD49BD2A028CB5 BaseClass:/Game/Blueprints/Lever.Lever_C NativeClass:/Script/Engine.Actor Name:Lever_C_UAID_E0D4E8DF72394FAE01_1343256813 Label:Lever2 SpatiallyLoaded:1 Bounds:IsValid=true, Min=(X=2604.641 Y=2992.729 Z=164.572), Max=(X=2691.390 Y=3056.729 Z=261.321) RuntimeGrid:None EditorOnly:0 RuntimeOnly:0 HLODRelevant:0
 |   |   |- Guid:FFF9D8E54A3053A76D23D19C04A6CDD9 BaseClass: NativeClass:/Script/Engine.StaticMeshActor Name:StaticMeshActor_UAID_E0D4E8DF72394FAE01_1795069818 Label:CubeGridToolOutput SpatiallyLoaded:1 Bounds:IsValid=true, Min=(X=100.000 Y=2400.000 Z=100.000), Max=(X=700.000 Y=2900.000 Z=700.000) RuntimeGrid:None EditorOnly:0 RuntimeOnly:0 HLODRelevant:0
 |   |- [+] Clusters:
 |   |   |- [+] [  0]
 |   |   |   |- Guid:FFF9D8E54A3053A76D23D19C04A6CDD9 BaseClass: NativeClass:/Script/Engine.StaticMeshActor Name:StaticMeshActor_UAID_E0D4E8DF72394FAE01_1795069818 Label:CubeGridToolOutput SpatiallyLoaded:1 Bounds:IsValid=true, Min=(X=100.000 Y=2400.000 Z=100.000), Max=(X=700.000 Y=2900.000 Z=700.000) RuntimeGrid:None EditorOnly:0 RuntimeOnly:0 HLODRelevant:0
 |   |   |- [+] [  1]
 |   |   |   |- Guid:073C9D0F4CE3B53A66B38D8A6A745539 BaseClass: NativeClass:/Script/Engine.StaticMeshActor Name:StaticMeshActor_UAID_E0D4E8DF723935AE01_2063248251 Label:Cylinder5 SpatiallyLoaded:1 Bounds:IsValid=true, Min=(X=870.000 Y=1850.000 Z=-654.225), Max=(X=970.000 Y=1950.000 Z=554.225) RuntimeGrid:None EditorOnly:0 RuntimeOnly:0 HLODRelevant:1
 |   |   |- [+] [  2]
 |   |   |   |- Guid:D4464795444A0ACC8854129360D25B6F BaseClass: NativeClass:/Script/Engine.StaticMeshActor Name:StaticMeshActor_UAID_E0D4E8DF723933AE01_2121112881 Label:Cube2 SpatiallyLoaded:1 Bounds:IsValid=true, Min=(X=1989.008 Y=106.468 Z=10.000), Max=(X=2290.992 Y=413.532 Z=110.000) RuntimeGrid:None EditorOnly:0 RuntimeOnly:0 HLODRelevant:1
 |   |   |- [+] [  3]
 |   |   |   |- Guid:88B910294ED7F96025E79E90A9AC3E3C BaseClass: NativeClass:/Script/Engine.StaticMeshActor Name:StaticMeshActor_10 Label:SM_Cube6 SpatiallyLoaded:1 Bounds:IsValid=true, Min=(X=2900.000 Y=100.000 Z=0.000), Max=(X=3000.000 Y=3400.000 Z=1109.435) RuntimeGrid:None EditorOnly:0 RuntimeOnly:0 HLODRelevant:1 FolderPath:Playground FolderGuid:6C02BB504B69D1F3D7A624B130C18E5B
 |   |   |- [+] [  4]
 |   |   |   |- Guid:02E8817D4C0ABAC2071C169BF7EF6C90 BaseClass: NativeClass:/Script/Engine.StaticMeshActor Name:StaticMeshActor_9 Label:SM_Cube5 SpatiallyLoaded:1 Bounds:IsValid=true, Min=(X=-0.000 Y=100.000 Z=0.000), Max=(X=100.000 Y=3400.000 Z=1109.435) RuntimeGrid:None EditorOnly:0 RuntimeOnly:0 HLODRelevant:1 FolderPath:Playground FolderGuid:6C02BB504B69D1F3D7A624B130C18E5B
 |   |   |- [+] [  5]
 |   |   |   |- Guid:F5FEFB1F454649E1F2AE608640124689 BaseClass: NativeClass:/Script/Engine.StaticMeshActor Name:StaticMeshActor_UAID_A4AE111137DC5EFB00_2001720423 Label:SM_SkySphere SpatiallyLoaded:0 Bounds:IsValid=true, Min=(X=-1638400.000 Y=-1638430.000 Z=-1638400.000), Max=(X=1638400.000 Y=1638370.000 Z=1638400.000) RuntimeGrid:None EditorOnly:0 RuntimeOnly:0 HLODRelevant:1 FolderPath:Lighting FolderGuid:0BA5F0A04EADB18E70D5B180D08FA34B
 |   |   |- [+] [  6]
 |   |   |   |- Guid:454DB29243CE6B62A3BE1C9D85462D0B BaseClass:/Game/Blueprints/RespawnPoint.RespawnPoint_C NativeClass:/Script/Engine.Actor Name:RespawnPoint_C_UAID_E0D4E8DF723950AE01_1269010999 Label:RespawnPoint3 SpatiallyLoaded:1 Bounds:IsValid=true, Min=(X=589.629 Y=2764.921 Z=620.000), Max=(X=893.629 Y=2924.921 Z=860.785) RuntimeGrid:None EditorOnly:0 RuntimeOnly:0 HLODRelevant:0
 |   |   |- [+] [  7]
 |   |   |   |- Guid:DB2BA60F465F28B599D133927A945D74 BaseClass: NativeClass:/Script/Engine.StaticMeshActor Name:StaticMeshActor_UAID_E0D4E8DF72399AAE01_1236339007 Label:Cylinder9 SpatiallyLoaded:1 Bounds:IsValid=true, Min=(X=1423.385 Y=2415.089 Z=-996.446), Max=(X=1523.385 Y=2515.089 Z=576.446) RuntimeGrid:None EditorOnly:0 RuntimeOnly:0 HLODRelevant:1
 |   |   |- [+] [  8]
 |   |   |   |- Guid:D03F98344D3523401E0245B4377FB7BF BaseClass: NativeClass:/Script/Engine.StaticMeshActor Name:StaticMeshActor_UAID_E0D4E8DF72394FAE01_2093832821 Label:Cylinder7 SpatiallyLoaded:1 Bounds:IsValid=true, Min=(X=1903.385 Y=3195.089 Z=-836.446), Max=(X=2003.385 Y=3295.089 Z=736.446) RuntimeGrid:None EditorOnly:0 RuntimeOnly:0 HLODRelevant:1
 |   |   |- [+] [  9]
 |   |   |   |- Guid:4B39F8ED4C05ED252B6D01BA9617C701 BaseClass: NativeClass:/Script/Engine.CameraActor Name:CameraActor_UAID_E0D4E8DF723934AE01_1922049071 Label:CameraActor SpatiallyLoaded:1 Bounds:IsValid=true, Min=(X=2772.980 Y=2999.792 Z=777.451), Max=(X=2772.980 Y=2999.792 Z=777.451) RuntimeGrid:None EditorOnly:0 RuntimeOnly:0 HLODRelevant:0
 |   |   |- [+] [ 10]
 |   |   |   |- Guid:2B0F290E42A956CD1F814385CB26B2AC BaseClass:/Game/Blueprints/RespawnPoint.RespawnPoint_C NativeClass:/Script/Engine.Actor Name:RespawnPoint_C_UAID_E0D4E8DF723947AE01_1830537401 Label:RespawnPoint SpatiallyLoaded:1 Bounds:IsValid=true, Min=(X=1852.321 Y=1074.799 Z=92.859), Max=(X=2156.321 Y=1234.799 Z=333.644) RuntimeGrid:None EditorOnly:0 RuntimeOnly:0 HLODRelevant:0
 |   |   |- [+] [ 11]
 |   |   |   |- Guid:EC5BEE404765C694412606AE3FD7BED7 BaseClass: NativeClass:/Script/Engine.VolumetricCloud Name:VolumetricCloud_0 Label:VolumetricCloud SpatiallyLoaded:0 Bounds:IsValid=true, Min=(X=0.000 Y=0.000 Z=820.000), Max=(X=0.000 Y=0.000 Z=820.000) RuntimeGrid:None EditorOnly:0 RuntimeOnly:0 HLODRelevant:0 FolderPath:Lighting FolderGuid:0BA5F0A04EADB18E70D5B180D08FA34B
 |   |   |- [+] [ 12]
 |   |   |   |- Guid:2C4FDEBF4F065251834B2AB9F825CD9B BaseClass: NativeClass:/Script/Engine.SkyLight Name:SkyLight_0 Label:SkyLight SpatiallyLoaded:0 Bounds:IsValid=true, Min=(X=0.000 Y=0.000 Z=690.000), Max=(X=0.000 Y=0.000 Z=690.000) RuntimeGrid:None EditorOnly:0 RuntimeOnly:0 HLODRelevant:0 FolderPath:Lighting FolderGuid:0BA5F0A04EADB18E70D5B180D08FA34B
 |   |   |- [+] [ 13]
 |   |   |   |- Guid:6A151D064262562B8CCD8A9FA3182A2E BaseClass: NativeClass:/Script/Engine.StaticMeshActor Name:StaticMeshActor_0 Label:SM_Cube SpatiallyLoaded:1 Bounds:IsValid=true, Min=(X=0.000 Y=0.000 Z=-50.000), Max=(X=3000.000 Y=3500.000 Z=0.000) RuntimeGrid:None EditorOnly:0 RuntimeOnly:0 HLODRelevant:1 FolderPath:Playground FolderGuid:6C02BB504B69D1F3D7A624B130C18E5B
 |   |   |- [+] [ 14]
 |   |   |   |- Guid:030A89514833F236D29913A882EAD39F BaseClass: NativeClass:/Script/Engine.StaticMeshActor Name:StaticMeshActor_UAID_E0D4E8DF723934AE01_1127590059 Label:Cube4 SpatiallyLoaded:1 Bounds:IsValid=true, Min=(X=2095.827 Y=1562.541 Z=260.000), Max=(X=2692.173 Y=2293.459 Z=360.000) RuntimeGrid:None EditorOnly:0 RuntimeOnly:0 HLODRelevant:1
 |   |   |- [+] [ 15]
 |   |   |   |- Guid:0440183F425AAE332F519FA7A3607367 BaseClass: NativeClass:/Script/Engine.StaticMeshActor Name:StaticMeshActor_UAID_E0D4E8DF723934AE01_1154773060 Label:Cube5 SpatiallyLoaded:1 Bounds:IsValid=true, Min=(X=2569.008 Y=2776.468 Z=43.108), Max=(X=2870.992 Y=3083.532 Z=143.108) RuntimeGrid:None EditorOnly:0 RuntimeOnly:0 HLODRelevant:1
 |   |   |- [+] [ 16]
 |   |   |   |- Guid:500BE7764477A8962D5A47B434609D86 BaseClass: NativeClass:/Script/Engine.StaticMeshActor Name:StaticMeshActor_UAID_E0D4E8DF723934AE01_1222263066 Label:Cube11 SpatiallyLoaded:1 Bounds:IsValid=true, Min=(X=129.008 Y=123.079 Z=240.000), Max=(X=430.992 Y=996.921 Z=340.000) RuntimeGrid:None EditorOnly:0 RuntimeOnly:0 HLODRelevant:1
 |   |   |- [+] [ 17]
 |   |   |   |- Guid:3B65294F42EF223F647EC29FEF358CA2 BaseClass: NativeClass:/Script/Engine.PlayerStart Name:PlayerStart_0 Label:PlayerStart SpatiallyLoaded:0 Bounds:IsValid=true, Min=(X=2750.900 Y=2894.009 Z=143.508), Max=(X=2830.900 Y=2974.009 Z=327.508) RuntimeGrid:None EditorOnly:0 RuntimeOnly:0 HLODRelevant:0
 |   |   |- [+] [ 18]
 |   |   |   |- Guid:FB7964624CF829D2D84EFA83F2D42294 BaseClass: NativeClass:/Script/Engine.StaticMeshActor Name:StaticMeshActor_UAID_E0D4E8DF723933AE01_1970514880 Label:Cube SpatiallyLoaded:1 Bounds:IsValid=true, Min=(X=1449.008 Y=106.468 Z=10.000), Max=(X=1750.992 Y=413.532 Z=110.000) RuntimeGrid:None EditorOnly:0 RuntimeOnly:0 HLODRelevant:1
 |   |   |- [+] [ 19]
 |   |   |   |- Guid:8C450D5345A6BA732075B1AD65DF659E BaseClass: NativeClass:/Script/Engine.StaticMeshActor Name:StaticMeshActor_UAID_E0D4E8DF723935AE01_2080593252 Label:Cylinder6 SpatiallyLoaded:1 Bounds:IsValid=true, Min=(X=870.000 Y=1650.000 Z=-748.908), Max=(X=970.000 Y=1750.000 Z=648.908) RuntimeGrid:None EditorOnly:0 RuntimeOnly:0 HLODRelevant:1
 |   |   |- [+] [ 20]
 |   |   |   |- Guid:3A22E9CF487F89034EFC0796C6C04861 BaseClass: NativeClass:/Script/Engine.StaticMeshActor Name:StaticMeshActor_UAID_E0D4E8DF723934AE01_1079255058 Label:Cube3 SpatiallyLoaded:1 Bounds:IsValid=true, Min=(X=1736.518 Y=810.236 Z=-157.345), Max=(X=2151.482 Y=1409.764 Z=277.345) RuntimeGrid:None EditorOnly:0 RuntimeOnly:0 HLODRelevant:1
 |   |   |- [+] [ 21]
 |   |   |   |- Guid:461991814A56772F76447881A8CCE5DC BaseClass: NativeClass:/Script/Engine.WorldDataLayers Name:WorldDataLayers Label:WorldDataLayers SpatiallyLoaded:0 Bounds:IsValid=true, Min=(X=0.000 Y=0.000 Z=0.000), Max=(X=0.000 Y=0.000 Z=0.000) RuntimeGrid:None EditorOnly:0 RuntimeOnly:0 HLODRelevant:0
 |   |   |- [+] [ 22]
 |   |   |   |- Guid:3F2D2A774EE4D9A3CEFAC3A0A6031EB3 BaseClass: NativeClass:/Script/Engine.DirectionalLight Name:DirectionalLight_1 Label:DirectionalLight SpatiallyLoaded:0 Bounds:IsValid=true, Min=(X=-4398046511104.000 Y=-4398046511104.000 Z=-4398046511104.000), Max=(X=4398046511104.000 Y=4398046511104.000 Z=4398046511104.000) RuntimeGrid:None EditorOnly:0 RuntimeOnly:0 HLODRelevant:0 FolderPath:Lighting FolderGuid:0BA5F0A04EADB18E70D5B180D08FA34B
 |   |   |- [+] [ 23]
 |   |   |   |- Guid:C9612C1E4B5C305527E648895598F195 BaseClass:/Game/Blueprints/Coin.Coin_C NativeClass:/Script/Engine.Actor Name:Coin_C_UAID_E0D4E8DF72394FAE01_1556400817 Label:Coin3 SpatiallyLoaded:1 Bounds:IsValid=true, Min=(X=1689.787 Y=2484.906 Z=140.739), Max=(X=1753.787 Y=2548.906 Z=204.739) RuntimeGrid:None EditorOnly:0 RuntimeOnly:0 HLODRelevant:0
 |   |   |- [+] [ 24]
 |   |   |   |- Guid:6C511B9B45B7C3C88565E09AA5FFA5BF BaseClass: NativeClass:/Script/Engine.PostProcessVolume Name:PostProcessVolume_0 Label:PostProcessVolume SpatiallyLoaded:0 Bounds:IsValid=true, Min=(X=0.000 Y=0.000 Z=400.000), Max=(X=200.000 Y=200.000 Z=600.000) RuntimeGrid:None EditorOnly:0 RuntimeOnly:0 HLODRelevant:0 FolderPath:Lighting FolderGuid:0BA5F0A04EADB18E70D5B180D08FA34B
 |   |   |- [+] [ 25]
 |   |   |   |- Guid:E2DF22464BDBF2C4B41E609A8F063865 BaseClass:/Game/Blueprints/Coin.Coin_C NativeClass:/Script/Engine.Actor Name:Coin_C_UAID_E0D4E8DF723947AE01_1871069402 Label:Coin SpatiallyLoaded:1 Bounds:IsValid=true, Min=(X=897.062 Y=2484.906 Z=353.641), Max=(X=961.062 Y=2548.906 Z=417.641) RuntimeGrid:None EditorOnly:0 RuntimeOnly:0 HLODRelevant:0
 |   |   |- [+] [ 26]
 |   |   |   |- Guid:78B085CA43D7EA2340C9B897A51CDBFB BaseClass: NativeClass:/Script/Engine.StaticMeshActor Name:StaticMeshActor_UAID_E0D4E8DF723934AE01_1185110062 Label:Cube7 SpatiallyLoaded:1 Bounds:IsValid=true, Min=(X=1064.956 Y=2457.655 Z=-10.000), Max=(X=1409.812 Y=2829.963 Z=90.000) RuntimeGrid:None EditorOnly:0 RuntimeOnly:0 HLODRelevant:1
 |   |   |- [+] [ 27]
 |   |   |   |- Guid:2D6C827D4C9DE573B34755BE31C36371 BaseClass: NativeClass:/Script/Engine.StaticMeshActor Name:StaticMeshActor_UAID_E0D4E8DF723935AE01_2055914250 Label:Cylinder4 SpatiallyLoaded:1 Bounds:IsValid=true, Min=(X=870.000 Y=2050.000 Z=-583.220), Max=(X=970.000 Y=2150.000 Z=483.220) RuntimeGrid:None EditorOnly:0 RuntimeOnly:0 HLODRelevant:1
 |   |   |- [+] [ 28]
 |   |   |   |- Guid:7986EB8740479C00ADB14D8FEA0608D8 BaseClass: NativeClass:/Script/Engine.StaticMeshActor Name:StaticMeshActor_UAID_E0D4E8DF723936AE01_1353580431 Label:Cube14 SpatiallyLoaded:1 Bounds:IsValid=true, Min=(X=2199.008 Y=176.468 Z=690.000), Max=(X=2500.992 Y=483.532 Z=790.000) RuntimeGrid:None EditorOnly:0 RuntimeOnly:0 HLODRelevant:1
 |   |   |- [+] [ 29]
 |   |   |   |- Guid:BF0CD0424178F1A8C33819A5215B1EA6 BaseClass: NativeClass:/Script/Engine.StaticMeshActor Name:StaticMeshActor_UAID_E0D4E8DF723950AE01_1361910001 Label:Cylinder8 SpatiallyLoaded:1 Bounds:IsValid=true, Min=(X=2514.415 Y=3200.257 Z=-777.930), Max=(X=2614.415 Y=3300.257 Z=794.963) RuntimeGrid:None EditorOnly:0 RuntimeOnly:0 HLODRelevant:1
 |   |   |- [+] [ 30]
 |   |   |   |- Guid:69AB03204A5778A90C378EA27AFC886F BaseClass: NativeClass:/Script/Engine.StaticMeshActor Name:StaticMeshActor_UAID_E0D4E8DF723935AE01_2037814249 Label:Cylinder3 SpatiallyLoaded:1 Bounds:IsValid=true, Min=(X=870.000 Y=2250.000 Z=-509.163), Max=(X=970.000 Y=2350.000 Z=409.163) RuntimeGrid:None EditorOnly:0 RuntimeOnly:0 HLODRelevant:1
 |   |   |- [+] [ 31]
 |   |   |   |- Guid:F1078D804EC73155FCA702B75AF00426 BaseClass:/Game/Blueprints/RespawnPoint.RespawnPoint_C NativeClass:/Script/Engine.Actor Name:RespawnPoint_C_UAID_E0D4E8DF72394FAE01_1370865814 Label:RespawnPoint2 SpatiallyLoaded:1 Bounds:IsValid=true, Min=(X=2395.870 Y=2764.721 Z=63.108), Max=(X=2699.870 Y=2924.721 Z=303.893) RuntimeGrid:None EditorOnly:0 RuntimeOnly:0 HLODRelevant:0
 |   |   |- [+] [ 32]
 |   |   |   |- Guid:99C66D9448B1D536C444CBB9317AB289 BaseClass: NativeClass:/Script/Engine.StaticMeshActor Name:StaticMeshActor_UAID_E0D4E8DF723934AE01_1217107065 Label:Cube10 SpatiallyLoaded:1 Bounds:IsValid=true, Min=(X=129.008 Y=1424.167 Z=-109.427), Max=(X=430.992 Y=2515.833 Z=369.427) RuntimeGrid:None EditorOnly:0 RuntimeOnly:0 HLODRelevant:1
 |   |   |- [+] [ 33]
 |   |   |   |- Guid:EE5354BC45353F84CAB86597A2CCB482 BaseClass: NativeClass:/Script/Engine.StaticMeshActor Name:StaticMeshActor_UAID_E0D4E8DF723935AE01_1982322248 Label:Cylinder2 SpatiallyLoaded:1 Bounds:IsValid=true, Min=(X=870.000 Y=2450.000 Z=-440.688), Max=(X=970.000 Y=2550.000 Z=340.688) RuntimeGrid:None EditorOnly:0 RuntimeOnly:0 HLODRelevant:1
 |   |   |- [+] [ 34]
 |   |   |   |- Guid:0F2647A74CFD65D7AB134B818E85DC13 BaseClass: NativeClass:/Script/Engine.CameraActor Name:CameraActor_UAID_E0D4E8DF723959AE01_1215055567 Label:CameraActor2 SpatiallyLoaded:1 Bounds:IsValid=true, Min=(X=2606.733 Y=2651.388 Z=115.324), Max=(X=2606.733 Y=2651.388 Z=115.324) RuntimeGrid:None EditorOnly:0 RuntimeOnly:0 HLODRelevant:0
 |   |   |- [+] [ 35]
 |   |   |   |- Guid:3D7ADCB24A23D33E7F8B08921504345B BaseClass: NativeClass:/Script/Engine.StaticMeshActor Name:StaticMeshActor_UAID_E0D4E8DF723934AE01_1738680068 Label:Cylinder SpatiallyLoaded:1 Bounds:IsValid=true, Min=(X=870.000 Y=2710.000 Z=-341.153), Max=(X=970.000 Y=2810.000 Z=241.153) RuntimeGrid:None EditorOnly:0 RuntimeOnly:0 HLODRelevant:1
 |   |   |- [+] [ 36]
 |   |   |   |- Guid:8EC921CE47C98D533ED3A6A590C41300 BaseClass: NativeClass:/Script/Engine.SkyAtmosphere Name:SkyAtmosphere_0 Label:SkyAtmosphere SpatiallyLoaded:0 Bounds:IsValid=true, Min=(X=0.000 Y=0.000 Z=1020.000), Max=(X=0.000 Y=0.000 Z=1020.000) RuntimeGrid:None EditorOnly:0 RuntimeOnly:0 HLODRelevant:0 FolderPath:Lighting FolderGuid:0BA5F0A04EADB18E70D5B180D08FA34B
 |   |   |- [+] [ 37]
 |   |   |   |- Guid:1037AF4B4B92876048F1039D0D6E3693 BaseClass: NativeClass:/Script/Engine.StaticMeshActor Name:StaticMeshActor_UAID_E0D4E8DF723950AE01_1350985000 Label:CubeGridToolOutput2 SpatiallyLoaded:1 Bounds:IsValid=true, Min=(X=2500.000 Y=2600.000 Z=600.000), Max=(X=2900.000 Y=3300.000 Z=800.000) RuntimeGrid:None EditorOnly:0 RuntimeOnly:0 HLODRelevant:0
 |   |   |- [+] [ 38]
 |   |   |   |- Guid:86B3116A4CDF2B01BBE50C9551985881 BaseClass: NativeClass:/Script/Engine.TextRenderActor Name:TextRenderActor_1 Label:TextRenderActor SpatiallyLoaded:1 Bounds:IsValid=true, Min=(X=-0.100 Y=1100.000 Z=65.013), Max=(X=-0.100 Y=2363.461 Z=215.013) RuntimeGrid:None EditorOnly:0 RuntimeOnly:0 HLODRelevant:0
 |   |   |- [+] [ 39]
 |   |   |   |- Guid:858DD40B4FF638AFA49C1F8CEAABEF36 BaseClass: NativeClass:/Script/Engine.StaticMeshActor Name:StaticMeshActor_UAID_E0D4E8DF723936AE01_1161745430 Label:Cube13 SpatiallyLoaded:1 Bounds:IsValid=true, Min=(X=583.716 Y=179.008 Z=214.930), Max=(X=1816.284 Y=480.992 Z=745.070) RuntimeGrid:None EditorOnly:0 RuntimeOnly:0 HLODRelevant:1
 |   |   |- [+] [ 40]
 |   |   |   |- Guid:BBDCAAE24C8679CE432A9A841485F4B4 BaseClass: NativeClass:/Script/Engine.StaticMeshActor Name:StaticMeshActor_UAID_E0D4E8DF723934AE01_1168070061 Label:Cube6 SpatiallyLoaded:1 Bounds:IsValid=true, Min=(X=1589.181 Y=1990.615 Z=10.000), Max=(X=1890.819 Y=2549.385 Z=110.000) RuntimeGrid:None EditorOnly:0 RuntimeOnly:0 HLODRelevant:1
 |   |   |- [+] [ 41]
 |   |   |   |- Guid:56514771421ED38E32ECE5A44AE9C800 BaseClass: NativeClass:/Script/Engine.StaticMeshActor Name:StaticMeshActor_3 Label:SM_Cube2 SpatiallyLoaded:1 Bounds:IsValid=true, Min=(X=-0.000 Y=2304.853 Z=0.000), Max=(X=3000.000 Y=2404.853 Z=1109.435) RuntimeGrid:None EditorOnly:0 RuntimeOnly:0 HLODRelevant:1 FolderPath:Playground FolderGuid:6C02BB504B69D1F3D7A624B130C18E5B
 |   |   |- [+] [ 42]
 |   |   |   |- Guid:CB37B9BD45E438746B6FE295D4EDD22E BaseClass: NativeClass:/Script/Engine.ExponentialHeightFog Name:ExponentialHeightFog_0 Label:ExponentialHeightFog SpatiallyLoaded:0 Bounds:IsValid=true, Min=(X=-5600.000 Y=-50.000 Z=-6850.000), Max=(X=-5600.000 Y=-50.000 Z=-6850.000) RuntimeGrid:None EditorOnly:0 RuntimeOnly:0 HLODRelevant:0 FolderPath:Lighting FolderGuid:0BA5F0A04EADB18E70D5B180D08FA34B
 |   |   |- [+] [ 43]
 |   |   |   |- Guid:7CECFDCF4CBAB39323AF93AF7786E15B BaseClass: NativeClass:/Script/LevelSequence.LevelSequenceActor Name:LevelSequenceActor_UAID_E0D4E8DF723959AE01_1369933568 Label:MainMenuSequence SpatiallyLoaded:0 Bounds:IsValid=true, Min=(X=2184.496 Y=2815.945 Z=171.269), Max=(X=2184.496 Y=2815.945 Z=171.269) RuntimeGrid:None EditorOnly:0 RuntimeOnly:0 HLODRelevant:0
 |   |   |- [+] [ 44]
 |   |   |   |- Guid:0F7C33634EF625FF187027B220CB55A9 BaseClass: NativeClass:/Script/Engine.StaticMeshActor Name:StaticMeshActor_UAID_E0D4E8DF723935AE01_2119987253 Label:Cube12 SpatiallyLoaded:1 Bounds:IsValid=true, Min=(X=759.008 Y=633.079 Z=610.000), Max=(X=1060.992 Y=1506.921 Z=710.000) RuntimeGrid:None EditorOnly:0 RuntimeOnly:0 HLODRelevant:1
 |   |   |- [+] [ 45]
 |   |   |   |- Guid:3783A2E7436FA59BB98C4EB1E624CE91 BaseClass:/Game/Blueprints/Coin.Coin_C NativeClass:/Script/Engine.Actor Name:Coin_C_UAID_E0D4E8DF723947AE01_1889035403 Label:Coin2 SpatiallyLoaded:1 Bounds:IsValid=true, Min=(X=894.420 Y=823.721 Z=708.000), Max=(X=958.420 Y=887.721 Z=772.000) RuntimeGrid:None EditorOnly:0 RuntimeOnly:0 HLODRelevant:0
 |   |   |- [+] [ 46]
 |   |   |   |- Guid:C7298E2443D1A12345AFBC8EF557A142 BaseClass: NativeClass:/Script/Engine.PostProcessVolume Name:PostProcessVolume_UAID_E0D4E8DF72392EAE01_1626674999 Label:PostProcessVolume2 SpatiallyLoaded:0 Bounds:IsValid=true, Min=(X=-1070.000 Y=1620.000 Z=1380.000), Max=(X=-870.000 Y=1820.000 Z=1580.000) RuntimeGrid:None EditorOnly:0 RuntimeOnly:0 HLODRelevant:0
 |   |   |- [+] [ 47]
 |   |   |   |- Guid:B221547147FD9F23C8888CB0C7AE39A6 BaseClass: NativeClass:/Script/Engine.StaticMeshActor Name:StaticMeshActor_UAID_E0D4E8DF723934AE01_1208636064 Label:Cube9 SpatiallyLoaded:1 Bounds:IsValid=true, Min=(X=148.012 Y=2682.227 Z=80.000), Max=(X=491.988 Y=3277.773 Z=180.000) RuntimeGrid:None EditorOnly:0 RuntimeOnly:0 HLODRelevant:1
 |   |   |- [+] [ 48]
 |   |   |   |- Guid:22C5DC6E44A3F9368150569E6083CFC3 BaseClass: NativeClass:/Script/Engine.StaticMeshActor Name:StaticMeshActor_UAID_E0D4E8DF723934AE01_1197365063 Label:Cube8 SpatiallyLoaded:1 Bounds:IsValid=true, Min=(X=727.226 Y=3009.008 Z=80.000), Max=(X=1092.774 Y=3310.992 Z=180.000) RuntimeGrid:None EditorOnly:0 RuntimeOnly:0 HLODRelevant:1
 |   |   |- [+] [ 49]
 |   |   |   |- Guid:E958029D4D7211587C18109A111FA6B9 BaseClass: NativeClass:/Script/Engine.StaticMeshActor Name:StaticMeshActor_4 Label:SM_Cube3 SpatiallyLoaded:1 Bounds:IsValid=true, Min=(X=0.000 Y=3400.000 Z=0.000), Max=(X=3000.000 Y=3500.000 Z=1109.435) RuntimeGrid:None EditorOnly:0 RuntimeOnly:0 HLODRelevant:1 FolderPath:Playground FolderGuid:6C02BB504B69D1F3D7A624B130C18E5B
 |   |   |- [+] [ 50]
 |   |   |   |- Guid:1B2569054C4595CB2CF73784149A381C BaseClass:/Game/Blueprints/Lever.Lever_C NativeClass:/Script/Engine.Actor Name:Lever_C_UAID_E0D4E8DF72394FAE01_2054549820 Label:Lever3 SpatiallyLoaded:1 Bounds:IsValid=true, Min=(X=618.973 Y=2663.244 Z=698.000), Max=(X=682.973 Y=2749.992 Z=794.749) RuntimeGrid:None EditorOnly:0 RuntimeOnly:0 HLODRelevant:0
 |   |   |   |- Guid:5EA33F744D5D3928E649B2BB6C6D8FD2 BaseClass:/Game/Blueprints/MovablePlatform.MovablePlatform_C NativeClass:/Script/Engine.Actor Name:MovablePlatform_C_UAID_E0D4E8DF72394FAE01_2025440819 Label:MovablePlatform3 SpatiallyLoaded:1 Bounds:IsValid=true, Min=(X=2376.189 Y=2446.908 Z=610.690), Max=(X=2751.189 Y=2696.908 Z=710.690) RuntimeGrid:None EditorOnly:0 RuntimeOnly:0 HLODRelevant:0
 |   |   |- [+] [ 51]
 |   |   |   |- Guid:85D191CF4658C05DF5943B8FAEB5E4E3 BaseClass:/Game/Blueprints/Coin.Coin_C NativeClass:/Script/Engine.Actor Name:Coin_C_UAID_E0D4E8DF72394FAE01_2120130822 Label:Coin4 SpatiallyLoaded:1 Bounds:IsValid=true, Min=(X=1915.195 Y=3216.710 Z=734.021), Max=(X=1979.195 Y=3280.710 Z=798.872) RuntimeGrid:None EditorOnly:0 RuntimeOnly:0 HLODRelevant:0
 |   |   |- [+] [ 52]
 |   |   |   |- Guid:FF6B32184AE978016BAD49BD2A028CB5 BaseClass:/Game/Blueprints/Lever.Lever_C NativeClass:/Script/Engine.Actor Name:Lever_C_UAID_E0D4E8DF72394FAE01_1343256813 Label:Lever2 SpatiallyLoaded:1 Bounds:IsValid=true, Min=(X=2604.641 Y=2992.729 Z=164.572), Max=(X=2691.390 Y=3056.729 Z=261.321) RuntimeGrid:None EditorOnly:0 RuntimeOnly:0 HLODRelevant:0
 |   |   |   |- Guid:F47D53A245A75B61FB208EA6ED204119 BaseClass:/Game/Blueprints/LavaPipe.LavaPipe_C NativeClass:/Script/Engine.Actor Name:LavaPipe_C_UAID_E0D4E8DF72394FAE01_1383428815 Label:LavaPipe SpatiallyLoaded:1 Bounds:IsValid=true, Min=(X=2151.784 Y=3191.710 Z=49.774), Max=(X=2221.784 Y=3440.706 Z=323.243) RuntimeGrid:None EditorOnly:0 RuntimeOnly:0 HLODRelevant:0
 |   |   |   |- Guid:8EFE029F4F9914C0C17F61AE8DD6FBF8 BaseClass:/Game/Blueprints/Lever.Lever_C NativeClass:/Script/Engine.Actor Name:Lever_C_UAID_E0D4E8DF723947AE01_1467173399 Label:Lever SpatiallyLoaded:1 Bounds:IsValid=true, Min=(X=1588.124 Y=327.114 Z=108.000), Max=(X=1674.873 Y=391.114 Z=204.749) RuntimeGrid:None EditorOnly:0 RuntimeOnly:0 HLODRelevant:0
 |   |   |   |- Guid:D097706C485DCF0A8886BA9AD10E2F2F BaseClass:/Game/Blueprints/MovablePlatform.MovablePlatform_C NativeClass:/Script/Engine.Actor Name:MovablePlatform_C_UAID_E0D4E8DF723947AE01_1550472400 Label:MovablePlatform SpatiallyLoaded:1 Bounds:IsValid=true, Min=(X=1453.507 Y=605.853 Z=-221.391), Max=(X=1828.507 Y=855.853 Z=-121.391) RuntimeGrid:None EditorOnly:0 RuntimeOnly:0 HLODRelevant:0
 |   |   |   |- Guid:9D288C8549D783CF6E4B248468853A5A BaseClass:/Game/Blueprints/Lava.Lava_C NativeClass:/Script/Engine.Actor Name:Lava_C_UAID_98EECBE0F0D327AE01_1263531767 Label:Lava SpatiallyLoaded:1 Bounds:IsValid=true, Min=(X=-390.000 Y=-480.000 Z=-13.685), Max=(X=3450.000 Y=4000.000 Z=50.315) RuntimeGrid:None EditorOnly:0 RuntimeOnly:0 HLODRelevant:1
 |   |   |   |- Guid:A3365C48469F5CF66B33B5866A350878 BaseClass:/Game/Blueprints/MovablePlatform.MovablePlatform_C NativeClass:/Script/Engine.Actor Name:MovablePlatform_C_UAID_E0D4E8DF72394FAE01_1303393812 Label:MovablePlatform2 SpatiallyLoaded:1 Bounds:IsValid=true, Min=(X=1935.937 Y=2800.657 Z=-130.944), Max=(X=2310.937 Y=3050.657 Z=-30.944) RuntimeGrid:None EditorOnly:0 RuntimeOnly:0 HLODRelevant:0
 |   |   |- [+] [ 53]
 |   |   |   |- Guid:35AF73AA4110D75D65CE3B9A1026BC5C BaseClass:/Game/Blueprints/Lever.Lever_C NativeClass:/Script/Engine.Actor Name:Lever_C_UAID_E0D4E8DF72399AAE01_1272319008 Label:Lever4 SpatiallyLoaded:1 Bounds:IsValid=true, Min=(X=1448.000 Y=2404.497 Z=598.000), Max=(X=1512.000 Y=2472.000 Z=691.654) RuntimeGrid:None EditorOnly:0 RuntimeOnly:0 HLODRelevant:0
 |   |   |   |- Guid:561BD01B4772E64D1A92A8AFB8FC6485 BaseClass:/Game/Blueprints/MovablePlatform.MovablePlatform_C NativeClass:/Script/Engine.Actor Name:MovablePlatform_C_UAID_E0D4E8DF72399AAE01_2105718012 Label:MovablePlatform4 SpatiallyLoaded:1 Bounds:IsValid=true, Min=(X=1436.189 Y=2836.908 Z=610.690), Max=(X=1811.189 Y=3086.908 Z=710.690) RuntimeGrid:None EditorOnly:0 RuntimeOnly:0 HLODRelevant:0
 |   |   |- [+] [ 54]
 |   |   |   |- Guid:304CA73644D4E76DB147B7B639F7AB9B BaseClass: NativeClass:/Script/Engine.StaticMeshActor Name:StaticMeshActor_UAID_E0D4E8DF72399AAE01_1735737010 Label:CubeGridToolOutput3 SpatiallyLoaded:1 Bounds:IsValid=true, Min=(X=1300.000 Y=2600.000 Z=-100.000), Max=(X=2000.000 Y=3200.000 Z=2000.000) RuntimeGrid:None EditorOnly:0 RuntimeOnly:0 HLODRelevant:0
 |   |   |- [+] [ 55]
 |   |   |   |- Guid:F2501B3740F49536D23BE89F09F11768 BaseClass: NativeClass:/Script/Engine.StaticMeshActor Name:StaticMeshActor_UAID_E0D4E8DF72399AAE01_1768225011 Label:SM_Cube4 SpatiallyLoaded:1 Bounds:IsValid=true, Min=(X=0.000 Y=0.000 Z=2110.000), Max=(X=3000.000 Y=3500.000 Z=2160.000) RuntimeGrid:None EditorOnly:0 RuntimeOnly:0 HLODRelevant:1 FolderPath:Playground FolderGuid:6C02BB504B69D1F3D7A624B130C18E5B
 |   |   |- [+] [ 56]
 |   |   |   |- Guid:81B215174F5F943716C4CD981697FD20 BaseClass:/Game/Blueprints/Door.Door_C NativeClass:/Script/Engine.Actor Name:Door_C_UAID_E0D4E8DF72399CAE01_1409331368 Label:Door SpatiallyLoaded:1 Bounds:IsValid=true, Min=(X=1507.554 Y=2638.000 Z=1492.000), Max=(X=1694.569 Y=2782.000 Z=1769.064) RuntimeGrid:None EditorOnly:0 RuntimeOnly:0 HLODRelevant:0
 |   |   |- [+] [ 57]
 |   |   |   |- Guid:7645A39245690E8D966A708B5E0CE3D0 BaseClass:/Game/Blueprints/Lever.Lever_C NativeClass:/Script/Engine.Actor Name:Lever_C_UAID_E0D4E8DF72399CAE01_1105173366 Label:Lever5 SpatiallyLoaded:1 Bounds:IsValid=true, Min=(X=2528.000 Y=2784.497 Z=698.000), Max=(X=2592.000 Y=2852.000 Z=791.654) RuntimeGrid:None EditorOnly:0 RuntimeOnly:0 HLODRelevant:0
 |   |   |   |- Guid:046FFEEF4067677B03E985BA94EC7F7F BaseClass:/Game/Blueprints/MovablePlatform.MovablePlatform_C NativeClass:/Script/Engine.Actor Name:MovablePlatform_C_UAID_E0D4E8DF72399BAE01_2041592189 Label:MovablePlatform5 SpatiallyLoaded:1 Bounds:IsValid=true, Min=(X=1932.500 Y=2735.000 Z=-190.000), Max=(X=2307.500 Y=2985.000 Z=-90.000) RuntimeGrid:None EditorOnly:0 RuntimeOnly:0 HLODRelevant:0
 |- ContainerInstances:
 |- [+] MainContainer:
 |   |-        ID: 0x0000000000000000
 |   |-    Bounds: IsValid=false, Min=(X=0.000 Y=0.000 Z=0.000), Max=(X=0.000 Y=0.000 Z=0.000)
 |   |- Transform: 0.000000,0.000000,0.000000|0.000000,0.000000,-0.000000|1.000000,1.000000,1.000000
 |   |- Container: /Game/FirstPerson/Maps/Level1
----------------------------------------------------------------------------------------------------------------
Level1 - Persistent Level
----------------------------------------------------------------------------------------------------------------
Always loaded Actor Count: 80 

----------------------------------------------------------------------------------------------------------------
Level1 - Runtime Spatial Hash - Streaming Grid - MainGrid
----------------------------------------------------------------------------------------------------------------
            Origin: X=0.000 Y=0.000 Z=0.000
         Cell Size: 12800
      World Bounds: IsValid=false, Min=(X=0.000 Y=0.000 Z=0.000), Max=(X=0.000 Y=0.000 Z=0.000)
     Loading Range: 25600.00
Block Slow Loading: No
 ClientOnlyVisible: No

[+] Grid Levels: 1
 |- Level  0: Cell Count    0 | Cell Size   12800 | Actor Count    0 (0.0%)

[+] Content of Grid Level 0

