[+] Containers:
 |- [+] Container: /Game/FirstPerson/Maps/Level1
 |   |- [+] ActorDescs:
 |   |   |- Guid:02E8817D4C0ABAC2071C169BF7EF6C90 BaseClass: NativeClass:/Script/Engine.StaticMeshActor Name:StaticMeshActor_9 Label:SM_Cube5 SpatiallyLoaded:1 Bounds:IsValid=true, Min=(X=-0.000 Y=100.000 Z=0.000), Max=(X=100.000 Y=3400.000 Z=1109.435) RuntimeGrid:None EditorOnly:0 RuntimeOnly:0 HLODRelevant:1 FolderPath:Playground FolderGuid:6C02BB504B69D1F3D7A624B130C18E5B
 |   |   |- Guid:030A89514833F236D29913A882EAD39F BaseClass: NativeClass:/Script/Engine.StaticMeshActor Name:StaticMeshActor_UAID_E0D4E8DF723934AE01_1127590059 Label:Cube4 SpatiallyLoaded:1 Bounds:IsValid=true, Min=(X=2095.827 Y=1562.541 Z=260.000), Max=(X=2692.173 Y=2293.459 Z=360.000) RuntimeGrid:None EditorOnly:0 RuntimeOnly:0 HLODRelevant:1
 |   |   |- Guid:0440183F425AAE332F519FA7A3607367 BaseClass: NativeClass:/Script/Engine.StaticMeshActor Name:StaticMeshActor_UAID_E0D4E8DF723934AE01_1154773060 Label:Cube5 SpatiallyLoaded:1 Bounds:IsValid=true, Min=(X=2569.008 Y=2776.468 Z=300.000), Max=(X=2870.992 Y=3083.532 Z=400.000) RuntimeGrid:None EditorOnly:0 RuntimeOnly:0 HLODRelevant:1
 |   |   |- Guid:073C9D0F4CE3B53A66B38D8A6A745539 BaseClass: NativeClass:/Script/Engine.StaticMeshActor Name:StaticMeshActor_UAID_E0D4E8DF723935AE01_2063248251 Label:Cylinder5 SpatiallyLoaded:1 Bounds:IsValid=true, Min=(X=870.000 Y=1850.000 Z=-654.225), Max=(X=970.000 Y=1950.000 Z=554.225) RuntimeGrid:None EditorOnly:0 RuntimeOnly:0 HLODRelevant:1
 |   |   |- Guid:0F7C33634EF625FF187027B220CB55A9 BaseClass: NativeClass:/Script/Engine.StaticMeshActor Name:StaticMeshActor_UAID_E0D4E8DF723935AE01_2119987253 Label:Cube12 SpatiallyLoaded:1 Bounds:IsValid=true, Min=(X=759.008 Y=633.079 Z=610.000), Max=(X=1060.992 Y=1506.921 Z=710.000) RuntimeGrid:None EditorOnly:0 RuntimeOnly:0 HLODRelevant:1
 |   |   |- Guid:22C5DC6E44A3F9368150569E6083CFC3 BaseClass: NativeClass:/Script/Engine.StaticMeshActor Name:StaticMeshActor_UAID_E0D4E8DF723934AE01_1197365063 Label:Cube8 SpatiallyLoaded:1 Bounds:IsValid=true, Min=(X=727.226 Y=3009.008 Z=80.000), Max=(X=1092.774 Y=3310.992 Z=180.000) RuntimeGrid:None EditorOnly:0 RuntimeOnly:0 HLODRelevant:1
 |   |   |- Guid:2C4FDEBF4F065251834B2AB9F825CD9B BaseClass: NativeClass:/Script/Engine.SkyLight Name:SkyLight_0 Label:SkyLight SpatiallyLoaded:0 Bounds:IsValid=true, Min=(X=0.000 Y=0.000 Z=690.000), Max=(X=0.000 Y=0.000 Z=690.000) RuntimeGrid:None EditorOnly:0 RuntimeOnly:0 HLODRelevant:0 FolderPath:Lighting FolderGuid:0BA5F0A04EADB18E70D5B180D08FA34B
 |   |   |- Guid:2D6C827D4C9DE573B34755BE31C36371 BaseClass: NativeClass:/Script/Engine.StaticMeshActor Name:StaticMeshActor_UAID_E0D4E8DF723935AE01_2055914250 Label:Cylinder4 SpatiallyLoaded:1 Bounds:IsValid=true, Min=(X=870.000 Y=2050.000 Z=-583.220), Max=(X=970.000 Y=2150.000 Z=483.220) RuntimeGrid:None EditorOnly:0 RuntimeOnly:0 HLODRelevant:1
 |   |   |- Guid:36D045384A49CA722D5D669CB7D06CB5 BaseClass: NativeClass:/Script/Engine.StaticMeshActor Name:StaticMeshActor_UAID_E0D4E8DF723937AE01_1505221608 Label:Cone SpatiallyLoaded:1 Bounds:IsValid=true, Min=(X=850.000 Y=820.000 Z=720.000), Max=(X=950.000 Y=920.000 Z=820.000) RuntimeGrid:None EditorOnly:0 RuntimeOnly:0 HLODRelevant:1
 |   |   |- Guid:3A22E9CF487F89034EFC0796C6C04861 BaseClass: NativeClass:/Script/Engine.StaticMeshActor Name:StaticMeshActor_UAID_E0D4E8DF723934AE01_1079255058 Label:Cube3 SpatiallyLoaded:1 Bounds:IsValid=true, Min=(X=1657.375 Y=764.543 Z=-157.345), Max=(X=2230.625 Y=1455.457 Z=277.345) RuntimeGrid:None EditorOnly:0 RuntimeOnly:0 HLODRelevant:1
 |   |   |- Guid:3B65294F42EF223F647EC29FEF358CA2 BaseClass: NativeClass:/Script/Engine.PlayerStart Name:PlayerStart_0 Label:PlayerStart SpatiallyLoaded:0 Bounds:IsValid=true, Min=(X=1550.000 Y=160.000 Z=140.013), Max=(X=1630.000 Y=240.000 Z=324.013) RuntimeGrid:None EditorOnly:0 RuntimeOnly:0 HLODRelevant:0
 |   |   |- Guid:3D7ADCB24A23D33E7F8B08921504345B BaseClass: NativeClass:/Script/Engine.StaticMeshActor Name:StaticMeshActor_UAID_E0D4E8DF723934AE01_1738680068 Label:Cylinder SpatiallyLoaded:1 Bounds:IsValid=true, Min=(X=870.000 Y=2710.000 Z=-341.153), Max=(X=970.000 Y=2810.000 Z=241.153) RuntimeGrid:None EditorOnly:0 RuntimeOnly:0 HLODRelevant:1
 |   |   |- Guid:3F2D2A774EE4D9A3CEFAC3A0A6031EB3 BaseClass: NativeClass:/Script/Engine.DirectionalLight Name:DirectionalLight_1 Label:DirectionalLight SpatiallyLoaded:0 Bounds:IsValid=true, Min=(X=-4398046511104.000 Y=-4398046511104.000 Z=-4398046511104.000), Max=(X=4398046511104.000 Y=4398046511104.000 Z=4398046511104.000) RuntimeGrid:None EditorOnly:0 RuntimeOnly:0 HLODRelevant:0 FolderPath:Lighting FolderGuid:0BA5F0A04EADB18E70D5B180D08FA34B
 |   |   |- Guid:461991814A56772F76447881A8CCE5DC BaseClass: NativeClass:/Script/Engine.WorldDataLayers Name:WorldDataLayers Label:WorldDataLayers SpatiallyLoaded:0 Bounds:IsValid=true, Min=(X=0.000 Y=0.000 Z=0.000), Max=(X=0.000 Y=0.000 Z=0.000) RuntimeGrid:None EditorOnly:0 RuntimeOnly:0 HLODRelevant:0
 |   |   |- Guid:4B39F8ED4C05ED252B6D01BA9617C701 BaseClass: NativeClass:/Script/Engine.CameraActor Name:CameraActor_UAID_E0D4E8DF723934AE01_1922049071 Label:CameraActor SpatiallyLoaded:1 Bounds:IsValid=true, Min=(X=1570.000 Y=3540.000 Z=1740.000), Max=(X=1570.000 Y=3540.000 Z=1740.000) RuntimeGrid:None EditorOnly:0 RuntimeOnly:0 HLODRelevant:0
 |   |   |- Guid:500BE7764477A8962D5A47B434609D86 BaseClass: NativeClass:/Script/Engine.StaticMeshActor Name:StaticMeshActor_UAID_E0D4E8DF723934AE01_1222263066 Label:Cube11 SpatiallyLoaded:1 Bounds:IsValid=true, Min=(X=129.008 Y=123.079 Z=240.000), Max=(X=430.992 Y=996.921 Z=340.000) RuntimeGrid:None EditorOnly:0 RuntimeOnly:0 HLODRelevant:1
 |   |   |- Guid:56514771421ED38E32ECE5A44AE9C800 BaseClass: NativeClass:/Script/Engine.StaticMeshActor Name:StaticMeshActor_3 Label:SM_Cube2 SpatiallyLoaded:1 Bounds:IsValid=true, Min=(X=0.000 Y=0.000 Z=0.000), Max=(X=3000.000 Y=100.000 Z=1109.435) RuntimeGrid:None EditorOnly:0 RuntimeOnly:0 HLODRelevant:1 FolderPath:Playground FolderGuid:6C02BB504B69D1F3D7A624B130C18E5B
 |   |   |- Guid:69AB03204A5778A90C378EA27AFC886F BaseClass: NativeClass:/Script/Engine.StaticMeshActor Name:StaticMeshActor_UAID_E0D4E8DF723935AE01_2037814249 Label:Cylinder3 SpatiallyLoaded:1 Bounds:IsValid=true, Min=(X=870.000 Y=2250.000 Z=-509.163), Max=(X=970.000 Y=2350.000 Z=409.163) RuntimeGrid:None EditorOnly:0 RuntimeOnly:0 HLODRelevant:1
 |   |   |- Guid:6A151D064262562B8CCD8A9FA3182A2E BaseClass: NativeClass:/Script/Engine.StaticMeshActor Name:StaticMeshActor_0 Label:SM_Cube SpatiallyLoaded:1 Bounds:IsValid=true, Min=(X=0.000 Y=0.000 Z=-50.000), Max=(X=3000.000 Y=3500.000 Z=0.000) RuntimeGrid:None EditorOnly:0 RuntimeOnly:0 HLODRelevant:1 FolderPath:Playground FolderGuid:6C02BB504B69D1F3D7A624B130C18E5B
 |   |   |- Guid:6C511B9B45B7C3C88565E09AA5FFA5BF BaseClass: NativeClass:/Script/Engine.PostProcessVolume Name:PostProcessVolume_0 Label:PostProcessVolume SpatiallyLoaded:0 Bounds:IsValid=true, Min=(X=0.000 Y=0.000 Z=400.000), Max=(X=200.000 Y=200.000 Z=600.000) RuntimeGrid:None EditorOnly:0 RuntimeOnly:0 HLODRelevant:0 FolderPath:Lighting FolderGuid:0BA5F0A04EADB18E70D5B180D08FA34B
 |   |   |- Guid:78B085CA43D7EA2340C9B897A51CDBFB BaseClass: NativeClass:/Script/Engine.StaticMeshActor Name:StaticMeshActor_UAID_E0D4E8DF723934AE01_1185110062 Label:Cube7 SpatiallyLoaded:1 Bounds:IsValid=true, Min=(X=1384.812 Y=2630.955 Z=10.000), Max=(X=1835.188 Y=3109.045 Z=110.000) RuntimeGrid:None EditorOnly:0 RuntimeOnly:0 HLODRelevant:1
 |   |   |- Guid:7986EB8740479C00ADB14D8FEA0608D8 BaseClass: NativeClass:/Script/Engine.StaticMeshActor Name:StaticMeshActor_UAID_E0D4E8DF723936AE01_1353580431 Label:Cube14 SpatiallyLoaded:1 Bounds:IsValid=true, Min=(X=2199.008 Y=176.468 Z=690.000), Max=(X=2500.992 Y=483.532 Z=790.000) RuntimeGrid:None EditorOnly:0 RuntimeOnly:0 HLODRelevant:1
 |   |   |- Guid:858DD40B4FF638AFA49C1F8CEAABEF36 BaseClass: NativeClass:/Script/Engine.StaticMeshActor Name:StaticMeshActor_UAID_E0D4E8DF723936AE01_1161745430 Label:Cube13 SpatiallyLoaded:1 Bounds:IsValid=true, Min=(X=583.716 Y=179.008 Z=214.930), Max=(X=1816.284 Y=480.992 Z=745.070) RuntimeGrid:None EditorOnly:0 RuntimeOnly:0 HLODRelevant:1
 |   |   |- Guid:86B3116A4CDF2B01BBE50C9551985881 BaseClass: NativeClass:/Script/Engine.TextRenderActor Name:TextRenderActor_1 Label:TextRenderActor SpatiallyLoaded:1 Bounds:IsValid=true, Min=(X=-0.100 Y=1100.000 Z=65.013), Max=(X=-0.100 Y=2363.461 Z=215.013) RuntimeGrid:None EditorOnly:0 RuntimeOnly:0 HLODRelevant:0
 |   |   |- Guid:88B910294ED7F96025E79E90A9AC3E3C BaseClass: NativeClass:/Script/Engine.StaticMeshActor Name:StaticMeshActor_10 Label:SM_Cube6 SpatiallyLoaded:1 Bounds:IsValid=true, Min=(X=2900.000 Y=100.000 Z=0.000), Max=(X=3000.000 Y=3400.000 Z=1109.435) RuntimeGrid:None EditorOnly:0 RuntimeOnly:0 HLODRelevant:1 FolderPath:Playground FolderGuid:6C02BB504B69D1F3D7A624B130C18E5B
 |   |   |- Guid:8C450D5345A6BA732075B1AD65DF659E BaseClass: NativeClass:/Script/Engine.StaticMeshActor Name:StaticMeshActor_UAID_E0D4E8DF723935AE01_2080593252 Label:Cylinder6 SpatiallyLoaded:1 Bounds:IsValid=true, Min=(X=870.000 Y=1650.000 Z=-748.908), Max=(X=970.000 Y=1750.000 Z=648.908) RuntimeGrid:None EditorOnly:0 RuntimeOnly:0 HLODRelevant:1
 |   |   |- Guid:8EC921CE47C98D533ED3A6A590C41300 BaseClass: NativeClass:/Script/Engine.SkyAtmosphere Name:SkyAtmosphere_0 Label:SkyAtmosphere SpatiallyLoaded:0 Bounds:IsValid=true, Min=(X=0.000 Y=0.000 Z=1020.000), Max=(X=0.000 Y=0.000 Z=1020.000) RuntimeGrid:None EditorOnly:0 RuntimeOnly:0 HLODRelevant:0 FolderPath:Lighting FolderGuid:0BA5F0A04EADB18E70D5B180D08FA34B
 |   |   |- Guid:8EFE029F4F9914C0C17F61AE8DD6FBF8 BaseClass:/Game/Blueprints/Lever.Lever_C NativeClass:/Script/Engine.Actor Name:Lever_C_UAID_E0D4E8DF723947AE01_1467173399 Label:Lever SpatiallyLoaded:1 Bounds:IsValid=true, Min=(X=1708.478 Y=138.609 Z=108.000), Max=(X=1795.227 Y=202.609 Z=204.749) RuntimeGrid:None EditorOnly:0 RuntimeOnly:0 HLODRelevant:0
 |   |   |- Guid:95131C6840BC319C15C1898956BB6B47 BaseClass: NativeClass:/Script/Engine.StaticMeshActor Name:StaticMeshActor_UAID_E0D4E8DF723937AE01_1656989609 Label:Cone2 SpatiallyLoaded:1 Bounds:IsValid=true, Min=(X=2620.000 Y=2900.000 Z=400.000), Max=(X=2720.000 Y=3000.000 Z=500.000) RuntimeGrid:None EditorOnly:0 RuntimeOnly:0 HLODRelevant:1
 |   |   |- Guid:99C66D9448B1D536C444CBB9317AB289 BaseClass: NativeClass:/Script/Engine.StaticMeshActor Name:StaticMeshActor_UAID_E0D4E8DF723934AE01_1217107065 Label:Cube10 SpatiallyLoaded:1 Bounds:IsValid=true, Min=(X=129.008 Y=1424.167 Z=-109.427), Max=(X=430.992 Y=2515.833 Z=369.427) RuntimeGrid:None EditorOnly:0 RuntimeOnly:0 HLODRelevant:1
 |   |   |- Guid:9D288C8549D783CF6E4B248468853A5A BaseClass:/Game/Blueprints/Lava.Lava_C NativeClass:/Script/Engine.Actor Name:Lava_C_UAID_98EECBE0F0D327AE01_1263531767 Label:Lava SpatiallyLoaded:1 Bounds:IsValid=true, Min=(X=-390.000 Y=-480.000 Z=-52.000), Max=(X=3450.000 Y=4000.000 Z=12.000) RuntimeGrid:None EditorOnly:0 RuntimeOnly:0 HLODRelevant:1
 |   |   |- Guid:B221547147FD9F23C8888CB0C7AE39A6 BaseClass: NativeClass:/Script/Engine.StaticMeshActor Name:StaticMeshActor_UAID_E0D4E8DF723934AE01_1208636064 Label:Cube9 SpatiallyLoaded:1 Bounds:IsValid=true, Min=(X=148.012 Y=2682.227 Z=80.000), Max=(X=491.988 Y=3277.773 Z=180.000) RuntimeGrid:None EditorOnly:0 RuntimeOnly:0 HLODRelevant:1
 |   |   |- Guid:BBDCAAE24C8679CE432A9A841485F4B4 BaseClass: NativeClass:/Script/Engine.StaticMeshActor Name:StaticMeshActor_UAID_E0D4E8DF723934AE01_1168070061 Label:Cube6 SpatiallyLoaded:1 Bounds:IsValid=true, Min=(X=1589.181 Y=1990.615 Z=10.000), Max=(X=1890.819 Y=2549.385 Z=110.000) RuntimeGrid:None EditorOnly:0 RuntimeOnly:0 HLODRelevant:1
 |   |   |- Guid:C7298E2443D1A12345AFBC8EF557A142 BaseClass: NativeClass:/Script/Engine.PostProcessVolume Name:PostProcessVolume_UAID_E0D4E8DF72392EAE01_1626674999 Label:PostProcessVolume2 SpatiallyLoaded:0 Bounds:IsValid=true, Min=(X=-1070.000 Y=1620.000 Z=1380.000), Max=(X=-870.000 Y=1820.000 Z=1580.000) RuntimeGrid:None EditorOnly:0 RuntimeOnly:0 HLODRelevant:0
 |   |   |- Guid:CB37B9BD45E438746B6FE295D4EDD22E BaseClass: NativeClass:/Script/Engine.ExponentialHeightFog Name:ExponentialHeightFog_0 Label:ExponentialHeightFog SpatiallyLoaded:0 Bounds:IsValid=true, Min=(X=-5600.000 Y=-50.000 Z=-6850.000), Max=(X=-5600.000 Y=-50.000 Z=-6850.000) RuntimeGrid:None EditorOnly:0 RuntimeOnly:0 HLODRelevant:0 FolderPath:Lighting FolderGuid:0BA5F0A04EADB18E70D5B180D08FA34B
 |   |   |- Guid:D097706C485DCF0A8886BA9AD10E2F2F BaseClass:/Game/Blueprints/MovablePlatform.MovablePlatform_C NativeClass:/Script/Engine.Actor Name:MovablePlatform_C_UAID_E0D4E8DF723947AE01_1550472400 Label:MovablePlatform SpatiallyLoaded:1 Bounds:IsValid=true, Min=(X=2303.612 Y=592.233 Z=5.000), Max=(X=2678.612 Y=842.233 Z=105.000) RuntimeGrid:None EditorOnly:0 RuntimeOnly:0 HLODRelevant:0
 |   |   |- Guid:D4464795444A0ACC8854129360D25B6F BaseClass: NativeClass:/Script/Engine.StaticMeshActor Name:StaticMeshActor_UAID_E0D4E8DF723933AE01_2121112881 Label:Cube2 SpatiallyLoaded:1 Bounds:IsValid=true, Min=(X=1989.008 Y=106.468 Z=10.000), Max=(X=2290.992 Y=413.532 Z=110.000) RuntimeGrid:None EditorOnly:0 RuntimeOnly:0 HLODRelevant:1
 |   |   |- Guid:E958029D4D7211587C18109A111FA6B9 BaseClass: NativeClass:/Script/Engine.StaticMeshActor Name:StaticMeshActor_4 Label:SM_Cube3 SpatiallyLoaded:1 Bounds:IsValid=true, Min=(X=0.000 Y=3400.000 Z=0.000), Max=(X=3000.000 Y=3500.000 Z=1109.435) RuntimeGrid:None EditorOnly:0 RuntimeOnly:0 HLODRelevant:1 FolderPath:Playground FolderGuid:6C02BB504B69D1F3D7A624B130C18E5B
 |   |   |- Guid:EC5BEE404765C694412606AE3FD7BED7 BaseClass: NativeClass:/Script/Engine.VolumetricCloud Name:VolumetricCloud_0 Label:VolumetricCloud SpatiallyLoaded:0 Bounds:IsValid=true, Min=(X=0.000 Y=0.000 Z=820.000), Max=(X=0.000 Y=0.000 Z=820.000) RuntimeGrid:None EditorOnly:0 RuntimeOnly:0 HLODRelevant:0 FolderPath:Lighting FolderGuid:0BA5F0A04EADB18E70D5B180D08FA34B
 |   |   |- Guid:EE5354BC45353F84CAB86597A2CCB482 BaseClass: NativeClass:/Script/Engine.StaticMeshActor Name:StaticMeshActor_UAID_E0D4E8DF723935AE01_1982322248 Label:Cylinder2 SpatiallyLoaded:1 Bounds:IsValid=true, Min=(X=870.000 Y=2450.000 Z=-440.688), Max=(X=970.000 Y=2550.000 Z=340.688) RuntimeGrid:None EditorOnly:0 RuntimeOnly:0 HLODRelevant:1
 |   |   |- Guid:F5FEFB1F454649E1F2AE608640124689 BaseClass: NativeClass:/Script/Engine.StaticMeshActor Name:StaticMeshActor_UAID_A4AE111137DC5EFB00_2001720423 Label:SM_SkySphere SpatiallyLoaded:0 Bounds:IsValid=true, Min=(X=-1638400.000 Y=-1638430.000 Z=-1638400.000), Max=(X=1638400.000 Y=1638370.000 Z=1638400.000) RuntimeGrid:None EditorOnly:0 RuntimeOnly:0 HLODRelevant:1 FolderPath:Lighting FolderGuid:0BA5F0A04EADB18E70D5B180D08FA34B
 |   |   |- Guid:FB7964624CF829D2D84EFA83F2D42294 BaseClass: NativeClass:/Script/Engine.StaticMeshActor Name:StaticMeshActor_UAID_E0D4E8DF723933AE01_1970514880 Label:Cube SpatiallyLoaded:1 Bounds:IsValid=true, Min=(X=1449.008 Y=106.468 Z=10.000), Max=(X=1750.992 Y=413.532 Z=110.000) RuntimeGrid:None EditorOnly:0 RuntimeOnly:0 HLODRelevant:1
 |   |- [+] Clusters:
 |   |   |- [+] [  0]
 |   |   |   |- Guid:95131C6840BC319C15C1898956BB6B47 BaseClass: NativeClass:/Script/Engine.StaticMeshActor Name:StaticMeshActor_UAID_E0D4E8DF723937AE01_1656989609 Label:Cone2 SpatiallyLoaded:1 Bounds:IsValid=true, Min=(X=2620.000 Y=2900.000 Z=400.000), Max=(X=2720.000 Y=3000.000 Z=500.000) RuntimeGrid:None EditorOnly:0 RuntimeOnly:0 HLODRelevant:1
 |   |   |- [+] [  1]
 |   |   |   |- Guid:073C9D0F4CE3B53A66B38D8A6A745539 BaseClass: NativeClass:/Script/Engine.StaticMeshActor Name:StaticMeshActor_UAID_E0D4E8DF723935AE01_2063248251 Label:Cylinder5 SpatiallyLoaded:1 Bounds:IsValid=true, Min=(X=870.000 Y=1850.000 Z=-654.225), Max=(X=970.000 Y=1950.000 Z=554.225) RuntimeGrid:None EditorOnly:0 RuntimeOnly:0 HLODRelevant:1
 |   |   |- [+] [  2]
 |   |   |   |- Guid:D4464795444A0ACC8854129360D25B6F BaseClass: NativeClass:/Script/Engine.StaticMeshActor Name:StaticMeshActor_UAID_E0D4E8DF723933AE01_2121112881 Label:Cube2 SpatiallyLoaded:1 Bounds:IsValid=true, Min=(X=1989.008 Y=106.468 Z=10.000), Max=(X=2290.992 Y=413.532 Z=110.000) RuntimeGrid:None EditorOnly:0 RuntimeOnly:0 HLODRelevant:1
 |   |   |- [+] [  3]
 |   |   |   |- Guid:88B910294ED7F96025E79E90A9AC3E3C BaseClass: NativeClass:/Script/Engine.StaticMeshActor Name:StaticMeshActor_10 Label:SM_Cube6 SpatiallyLoaded:1 Bounds:IsValid=true, Min=(X=2900.000 Y=100.000 Z=0.000), Max=(X=3000.000 Y=3400.000 Z=1109.435) RuntimeGrid:None EditorOnly:0 RuntimeOnly:0 HLODRelevant:1 FolderPath:Playground FolderGuid:6C02BB504B69D1F3D7A624B130C18E5B
 |   |   |- [+] [  4]
 |   |   |   |- Guid:02E8817D4C0ABAC2071C169BF7EF6C90 BaseClass: NativeClass:/Script/Engine.StaticMeshActor Name:StaticMeshActor_9 Label:SM_Cube5 SpatiallyLoaded:1 Bounds:IsValid=true, Min=(X=-0.000 Y=100.000 Z=0.000), Max=(X=100.000 Y=3400.000 Z=1109.435) RuntimeGrid:None EditorOnly:0 RuntimeOnly:0 HLODRelevant:1 FolderPath:Playground FolderGuid:6C02BB504B69D1F3D7A624B130C18E5B
 |   |   |- [+] [  5]
 |   |   |   |- Guid:F5FEFB1F454649E1F2AE608640124689 BaseClass: NativeClass:/Script/Engine.StaticMeshActor Name:StaticMeshActor_UAID_A4AE111137DC5EFB00_2001720423 Label:SM_SkySphere SpatiallyLoaded:0 Bounds:IsValid=true, Min=(X=-1638400.000 Y=-1638430.000 Z=-1638400.000), Max=(X=1638400.000 Y=1638370.000 Z=1638400.000) RuntimeGrid:None EditorOnly:0 RuntimeOnly:0 HLODRelevant:1 FolderPath:Lighting FolderGuid:0BA5F0A04EADB18E70D5B180D08FA34B
 |   |   |- [+] [  6]
 |   |   |   |- Guid:4B39F8ED4C05ED252B6D01BA9617C701 BaseClass: NativeClass:/Script/Engine.CameraActor Name:CameraActor_UAID_E0D4E8DF723934AE01_1922049071 Label:CameraActor SpatiallyLoaded:1 Bounds:IsValid=true, Min=(X=1570.000 Y=3540.000 Z=1740.000), Max=(X=1570.000 Y=3540.000 Z=1740.000) RuntimeGrid:None EditorOnly:0 RuntimeOnly:0 HLODRelevant:0
 |   |   |- [+] [  7]
 |   |   |   |- Guid:EC5BEE404765C694412606AE3FD7BED7 BaseClass: NativeClass:/Script/Engine.VolumetricCloud Name:VolumetricCloud_0 Label:VolumetricCloud SpatiallyLoaded:0 Bounds:IsValid=true, Min=(X=0.000 Y=0.000 Z=820.000), Max=(X=0.000 Y=0.000 Z=820.000) RuntimeGrid:None EditorOnly:0 RuntimeOnly:0 HLODRelevant:0 FolderPath:Lighting FolderGuid:0BA5F0A04EADB18E70D5B180D08FA34B
 |   |   |- [+] [  8]
 |   |   |   |- Guid:2C4FDEBF4F065251834B2AB9F825CD9B BaseClass: NativeClass:/Script/Engine.SkyLight Name:SkyLight_0 Label:SkyLight SpatiallyLoaded:0 Bounds:IsValid=true, Min=(X=0.000 Y=0.000 Z=690.000), Max=(X=0.000 Y=0.000 Z=690.000) RuntimeGrid:None EditorOnly:0 RuntimeOnly:0 HLODRelevant:0 FolderPath:Lighting FolderGuid:0BA5F0A04EADB18E70D5B180D08FA34B
 |   |   |- [+] [  9]
 |   |   |   |- Guid:6A151D064262562B8CCD8A9FA3182A2E BaseClass: NativeClass:/Script/Engine.StaticMeshActor Name:StaticMeshActor_0 Label:SM_Cube SpatiallyLoaded:1 Bounds:IsValid=true, Min=(X=0.000 Y=0.000 Z=-50.000), Max=(X=3000.000 Y=3500.000 Z=0.000) RuntimeGrid:None EditorOnly:0 RuntimeOnly:0 HLODRelevant:1 FolderPath:Playground FolderGuid:6C02BB504B69D1F3D7A624B130C18E5B
 |   |   |- [+] [ 10]
 |   |   |   |- Guid:030A89514833F236D29913A882EAD39F BaseClass: NativeClass:/Script/Engine.StaticMeshActor Name:StaticMeshActor_UAID_E0D4E8DF723934AE01_1127590059 Label:Cube4 SpatiallyLoaded:1 Bounds:IsValid=true, Min=(X=2095.827 Y=1562.541 Z=260.000), Max=(X=2692.173 Y=2293.459 Z=360.000) RuntimeGrid:None EditorOnly:0 RuntimeOnly:0 HLODRelevant:1
 |   |   |- [+] [ 11]
 |   |   |   |- Guid:0440183F425AAE332F519FA7A3607367 BaseClass: NativeClass:/Script/Engine.StaticMeshActor Name:StaticMeshActor_UAID_E0D4E8DF723934AE01_1154773060 Label:Cube5 SpatiallyLoaded:1 Bounds:IsValid=true, Min=(X=2569.008 Y=2776.468 Z=300.000), Max=(X=2870.992 Y=3083.532 Z=400.000) RuntimeGrid:None EditorOnly:0 RuntimeOnly:0 HLODRelevant:1
 |   |   |- [+] [ 12]
 |   |   |   |- Guid:500BE7764477A8962D5A47B434609D86 BaseClass: NativeClass:/Script/Engine.StaticMeshActor Name:StaticMeshActor_UAID_E0D4E8DF723934AE01_1222263066 Label:Cube11 SpatiallyLoaded:1 Bounds:IsValid=true, Min=(X=129.008 Y=123.079 Z=240.000), Max=(X=430.992 Y=996.921 Z=340.000) RuntimeGrid:None EditorOnly:0 RuntimeOnly:0 HLODRelevant:1
 |   |   |- [+] [ 13]
 |   |   |   |- Guid:3B65294F42EF223F647EC29FEF358CA2 BaseClass: NativeClass:/Script/Engine.PlayerStart Name:PlayerStart_0 Label:PlayerStart SpatiallyLoaded:0 Bounds:IsValid=true, Min=(X=1550.000 Y=160.000 Z=140.013), Max=(X=1630.000 Y=240.000 Z=324.013) RuntimeGrid:None EditorOnly:0 RuntimeOnly:0 HLODRelevant:0
 |   |   |- [+] [ 14]
 |   |   |   |- Guid:FB7964624CF829D2D84EFA83F2D42294 BaseClass: NativeClass:/Script/Engine.StaticMeshActor Name:StaticMeshActor_UAID_E0D4E8DF723933AE01_1970514880 Label:Cube SpatiallyLoaded:1 Bounds:IsValid=true, Min=(X=1449.008 Y=106.468 Z=10.000), Max=(X=1750.992 Y=413.532 Z=110.000) RuntimeGrid:None EditorOnly:0 RuntimeOnly:0 HLODRelevant:1
 |   |   |- [+] [ 15]
 |   |   |   |- Guid:8C450D5345A6BA732075B1AD65DF659E BaseClass: NativeClass:/Script/Engine.StaticMeshActor Name:StaticMeshActor_UAID_E0D4E8DF723935AE01_2080593252 Label:Cylinder6 SpatiallyLoaded:1 Bounds:IsValid=true, Min=(X=870.000 Y=1650.000 Z=-748.908), Max=(X=970.000 Y=1750.000 Z=648.908) RuntimeGrid:None EditorOnly:0 RuntimeOnly:0 HLODRelevant:1
 |   |   |- [+] [ 16]
 |   |   |   |- Guid:3A22E9CF487F89034EFC0796C6C04861 BaseClass: NativeClass:/Script/Engine.StaticMeshActor Name:StaticMeshActor_UAID_E0D4E8DF723934AE01_1079255058 Label:Cube3 SpatiallyLoaded:1 Bounds:IsValid=true, Min=(X=1657.375 Y=764.543 Z=-157.345), Max=(X=2230.625 Y=1455.457 Z=277.345) RuntimeGrid:None EditorOnly:0 RuntimeOnly:0 HLODRelevant:1
 |   |   |- [+] [ 17]
 |   |   |   |- Guid:9D288C8549D783CF6E4B248468853A5A BaseClass:/Game/Blueprints/Lava.Lava_C NativeClass:/Script/Engine.Actor Name:Lava_C_UAID_98EECBE0F0D327AE01_1263531767 Label:Lava SpatiallyLoaded:1 Bounds:IsValid=true, Min=(X=-390.000 Y=-480.000 Z=-52.000), Max=(X=3450.000 Y=4000.000 Z=12.000) RuntimeGrid:None EditorOnly:0 RuntimeOnly:0 HLODRelevant:1
 |   |   |- [+] [ 18]
 |   |   |   |- Guid:3F2D2A774EE4D9A3CEFAC3A0A6031EB3 BaseClass: NativeClass:/Script/Engine.DirectionalLight Name:DirectionalLight_1 Label:DirectionalLight SpatiallyLoaded:0 Bounds:IsValid=true, Min=(X=-4398046511104.000 Y=-4398046511104.000 Z=-4398046511104.000), Max=(X=4398046511104.000 Y=4398046511104.000 Z=4398046511104.000) RuntimeGrid:None EditorOnly:0 RuntimeOnly:0 HLODRelevant:0 FolderPath:Lighting FolderGuid:0BA5F0A04EADB18E70D5B180D08FA34B
 |   |   |- [+] [ 19]
 |   |   |   |- Guid:6C511B9B45B7C3C88565E09AA5FFA5BF BaseClass: NativeClass:/Script/Engine.PostProcessVolume Name:PostProcessVolume_0 Label:PostProcessVolume SpatiallyLoaded:0 Bounds:IsValid=true, Min=(X=0.000 Y=0.000 Z=400.000), Max=(X=200.000 Y=200.000 Z=600.000) RuntimeGrid:None EditorOnly:0 RuntimeOnly:0 HLODRelevant:0 FolderPath:Lighting FolderGuid:0BA5F0A04EADB18E70D5B180D08FA34B
 |   |   |- [+] [ 20]
 |   |   |   |- Guid:2D6C827D4C9DE573B34755BE31C36371 BaseClass: NativeClass:/Script/Engine.StaticMeshActor Name:StaticMeshActor_UAID_E0D4E8DF723935AE01_2055914250 Label:Cylinder4 SpatiallyLoaded:1 Bounds:IsValid=true, Min=(X=870.000 Y=2050.000 Z=-583.220), Max=(X=970.000 Y=2150.000 Z=483.220) RuntimeGrid:None EditorOnly:0 RuntimeOnly:0 HLODRelevant:1
 |   |   |- [+] [ 21]
 |   |   |   |- Guid:7986EB8740479C00ADB14D8FEA0608D8 BaseClass: NativeClass:/Script/Engine.StaticMeshActor Name:StaticMeshActor_UAID_E0D4E8DF723936AE01_1353580431 Label:Cube14 SpatiallyLoaded:1 Bounds:IsValid=true, Min=(X=2199.008 Y=176.468 Z=690.000), Max=(X=2500.992 Y=483.532 Z=790.000) RuntimeGrid:None EditorOnly:0 RuntimeOnly:0 HLODRelevant:1
 |   |   |- [+] [ 22]
 |   |   |   |- Guid:69AB03204A5778A90C378EA27AFC886F BaseClass: NativeClass:/Script/Engine.StaticMeshActor Name:StaticMeshActor_UAID_E0D4E8DF723935AE01_2037814249 Label:Cylinder3 SpatiallyLoaded:1 Bounds:IsValid=true, Min=(X=870.000 Y=2250.000 Z=-509.163), Max=(X=970.000 Y=2350.000 Z=409.163) RuntimeGrid:None EditorOnly:0 RuntimeOnly:0 HLODRelevant:1
 |   |   |- [+] [ 23]
 |   |   |   |- Guid:99C66D9448B1D536C444CBB9317AB289 BaseClass: NativeClass:/Script/Engine.StaticMeshActor Name:StaticMeshActor_UAID_E0D4E8DF723934AE01_1217107065 Label:Cube10 SpatiallyLoaded:1 Bounds:IsValid=true, Min=(X=129.008 Y=1424.167 Z=-109.427), Max=(X=430.992 Y=2515.833 Z=369.427) RuntimeGrid:None EditorOnly:0 RuntimeOnly:0 HLODRelevant:1
 |   |   |- [+] [ 24]
 |   |   |   |- Guid:EE5354BC45353F84CAB86597A2CCB482 BaseClass: NativeClass:/Script/Engine.StaticMeshActor Name:StaticMeshActor_UAID_E0D4E8DF723935AE01_1982322248 Label:Cylinder2 SpatiallyLoaded:1 Bounds:IsValid=true, Min=(X=870.000 Y=2450.000 Z=-440.688), Max=(X=970.000 Y=2550.000 Z=340.688) RuntimeGrid:None EditorOnly:0 RuntimeOnly:0 HLODRelevant:1
 |   |   |- [+] [ 25]
 |   |   |   |- Guid:3D7ADCB24A23D33E7F8B08921504345B BaseClass: NativeClass:/Script/Engine.StaticMeshActor Name:StaticMeshActor_UAID_E0D4E8DF723934AE01_1738680068 Label:Cylinder SpatiallyLoaded:1 Bounds:IsValid=true, Min=(X=870.000 Y=2710.000 Z=-341.153), Max=(X=970.000 Y=2810.000 Z=241.153) RuntimeGrid:None EditorOnly:0 RuntimeOnly:0 HLODRelevant:1
 |   |   |- [+] [ 26]
 |   |   |   |- Guid:8EC921CE47C98D533ED3A6A590C41300 BaseClass: NativeClass:/Script/Engine.SkyAtmosphere Name:SkyAtmosphere_0 Label:SkyAtmosphere SpatiallyLoaded:0 Bounds:IsValid=true, Min=(X=0.000 Y=0.000 Z=1020.000), Max=(X=0.000 Y=0.000 Z=1020.000) RuntimeGrid:None EditorOnly:0 RuntimeOnly:0 HLODRelevant:0 FolderPath:Lighting FolderGuid:0BA5F0A04EADB18E70D5B180D08FA34B
 |   |   |- [+] [ 27]
 |   |   |   |- Guid:86B3116A4CDF2B01BBE50C9551985881 BaseClass: NativeClass:/Script/Engine.TextRenderActor Name:TextRenderActor_1 Label:TextRenderActor SpatiallyLoaded:1 Bounds:IsValid=true, Min=(X=-0.100 Y=1100.000 Z=65.013), Max=(X=-0.100 Y=2363.461 Z=215.013) RuntimeGrid:None EditorOnly:0 RuntimeOnly:0 HLODRelevant:0
 |   |   |- [+] [ 28]
 |   |   |   |- Guid:858DD40B4FF638AFA49C1F8CEAABEF36 BaseClass: NativeClass:/Script/Engine.StaticMeshActor Name:StaticMeshActor_UAID_E0D4E8DF723936AE01_1161745430 Label:Cube13 SpatiallyLoaded:1 Bounds:IsValid=true, Min=(X=583.716 Y=179.008 Z=214.930), Max=(X=1816.284 Y=480.992 Z=745.070) RuntimeGrid:None EditorOnly:0 RuntimeOnly:0 HLODRelevant:1
 |   |   |- [+] [ 29]
 |   |   |   |- Guid:BBDCAAE24C8679CE432A9A841485F4B4 BaseClass: NativeClass:/Script/Engine.StaticMeshActor Name:StaticMeshActor_UAID_E0D4E8DF723934AE01_1168070061 Label:Cube6 SpatiallyLoaded:1 Bounds:IsValid=true, Min=(X=1589.181 Y=1990.615 Z=10.000), Max=(X=1890.819 Y=2549.385 Z=110.000) RuntimeGrid:None EditorOnly:0 RuntimeOnly:0 HLODRelevant:1
 |   |   |- [+] [ 30]
 |   |   |   |- Guid:56514771421ED38E32ECE5A44AE9C800 BaseClass: NativeClass:/Script/Engine.StaticMeshActor Name:StaticMeshActor_3 Label:SM_Cube2 SpatiallyLoaded:1 Bounds:IsValid=true, Min=(X=0.000 Y=0.000 Z=0.000), Max=(X=3000.000 Y=100.000 Z=1109.435) RuntimeGrid:None EditorOnly:0 RuntimeOnly:0 HLODRelevant:1 FolderPath:Playground FolderGuid:6C02BB504B69D1F3D7A624B130C18E5B
 |   |   |- [+] [ 31]
 |   |   |   |- Guid:CB37B9BD45E438746B6FE295D4EDD22E BaseClass: NativeClass:/Script/Engine.ExponentialHeightFog Name:ExponentialHeightFog_0 Label:ExponentialHeightFog SpatiallyLoaded:0 Bounds:IsValid=true, Min=(X=-5600.000 Y=-50.000 Z=-6850.000), Max=(X=-5600.000 Y=-50.000 Z=-6850.000) RuntimeGrid:None EditorOnly:0 RuntimeOnly:0 HLODRelevant:0 FolderPath:Lighting FolderGuid:0BA5F0A04EADB18E70D5B180D08FA34B
 |   |   |- [+] [ 32]
 |   |   |   |- Guid:36D045384A49CA722D5D669CB7D06CB5 BaseClass: NativeClass:/Script/Engine.StaticMeshActor Name:StaticMeshActor_UAID_E0D4E8DF723937AE01_1505221608 Label:Cone SpatiallyLoaded:1 Bounds:IsValid=true, Min=(X=850.000 Y=820.000 Z=720.000), Max=(X=950.000 Y=920.000 Z=820.000) RuntimeGrid:None EditorOnly:0 RuntimeOnly:0 HLODRelevant:1
 |   |   |- [+] [ 33]
 |   |   |   |- Guid:0F7C33634EF625FF187027B220CB55A9 BaseClass: NativeClass:/Script/Engine.StaticMeshActor Name:StaticMeshActor_UAID_E0D4E8DF723935AE01_2119987253 Label:Cube12 SpatiallyLoaded:1 Bounds:IsValid=true, Min=(X=759.008 Y=633.079 Z=610.000), Max=(X=1060.992 Y=1506.921 Z=710.000) RuntimeGrid:None EditorOnly:0 RuntimeOnly:0 HLODRelevant:1
 |   |   |- [+] [ 34]
 |   |   |   |- Guid:C7298E2443D1A12345AFBC8EF557A142 BaseClass: NativeClass:/Script/Engine.PostProcessVolume Name:PostProcessVolume_UAID_E0D4E8DF72392EAE01_1626674999 Label:PostProcessVolume2 SpatiallyLoaded:0 Bounds:IsValid=true, Min=(X=-1070.000 Y=1620.000 Z=1380.000), Max=(X=-870.000 Y=1820.000 Z=1580.000) RuntimeGrid:None EditorOnly:0 RuntimeOnly:0 HLODRelevant:0
 |   |   |- [+] [ 35]
 |   |   |   |- Guid:B221547147FD9F23C8888CB0C7AE39A6 BaseClass: NativeClass:/Script/Engine.StaticMeshActor Name:StaticMeshActor_UAID_E0D4E8DF723934AE01_1208636064 Label:Cube9 SpatiallyLoaded:1 Bounds:IsValid=true, Min=(X=148.012 Y=2682.227 Z=80.000), Max=(X=491.988 Y=3277.773 Z=180.000) RuntimeGrid:None EditorOnly:0 RuntimeOnly:0 HLODRelevant:1
 |   |   |- [+] [ 36]
 |   |   |   |- Guid:22C5DC6E44A3F9368150569E6083CFC3 BaseClass: NativeClass:/Script/Engine.StaticMeshActor Name:StaticMeshActor_UAID_E0D4E8DF723934AE01_1197365063 Label:Cube8 SpatiallyLoaded:1 Bounds:IsValid=true, Min=(X=727.226 Y=3009.008 Z=80.000), Max=(X=1092.774 Y=3310.992 Z=180.000) RuntimeGrid:None EditorOnly:0 RuntimeOnly:0 HLODRelevant:1
 |   |   |- [+] [ 37]
 |   |   |   |- Guid:E958029D4D7211587C18109A111FA6B9 BaseClass: NativeClass:/Script/Engine.StaticMeshActor Name:StaticMeshActor_4 Label:SM_Cube3 SpatiallyLoaded:1 Bounds:IsValid=true, Min=(X=0.000 Y=3400.000 Z=0.000), Max=(X=3000.000 Y=3500.000 Z=1109.435) RuntimeGrid:None EditorOnly:0 RuntimeOnly:0 HLODRelevant:1 FolderPath:Playground FolderGuid:6C02BB504B69D1F3D7A624B130C18E5B
 |   |   |- [+] [ 38]
 |   |   |   |- Guid:461991814A56772F76447881A8CCE5DC BaseClass: NativeClass:/Script/Engine.WorldDataLayers Name:WorldDataLayers Label:WorldDataLayers SpatiallyLoaded:0 Bounds:IsValid=true, Min=(X=0.000 Y=0.000 Z=0.000), Max=(X=0.000 Y=0.000 Z=0.000) RuntimeGrid:None EditorOnly:0 RuntimeOnly:0 HLODRelevant:0
 |   |   |- [+] [ 39]
 |   |   |   |- Guid:78B085CA43D7EA2340C9B897A51CDBFB BaseClass: NativeClass:/Script/Engine.StaticMeshActor Name:StaticMeshActor_UAID_E0D4E8DF723934AE01_1185110062 Label:Cube7 SpatiallyLoaded:1 Bounds:IsValid=true, Min=(X=1384.812 Y=2630.955 Z=10.000), Max=(X=1835.188 Y=3109.045 Z=110.000) RuntimeGrid:None EditorOnly:0 RuntimeOnly:0 HLODRelevant:1
 |   |   |- [+] [ 40]
 |   |   |   |- Guid:8EFE029F4F9914C0C17F61AE8DD6FBF8 BaseClass:/Game/Blueprints/Lever.Lever_C NativeClass:/Script/Engine.Actor Name:Lever_C_UAID_E0D4E8DF723947AE01_1467173399 Label:Lever SpatiallyLoaded:1 Bounds:IsValid=true, Min=(X=1708.478 Y=138.609 Z=108.000), Max=(X=1795.227 Y=202.609 Z=204.749) RuntimeGrid:None EditorOnly:0 RuntimeOnly:0 HLODRelevant:0
 |   |   |   |- Guid:D097706C485DCF0A8886BA9AD10E2F2F BaseClass:/Game/Blueprints/MovablePlatform.MovablePlatform_C NativeClass:/Script/Engine.Actor Name:MovablePlatform_C_UAID_E0D4E8DF723947AE01_1550472400 Label:MovablePlatform SpatiallyLoaded:1 Bounds:IsValid=true, Min=(X=2303.612 Y=592.233 Z=5.000), Max=(X=2678.612 Y=842.233 Z=105.000) RuntimeGrid:None EditorOnly:0 RuntimeOnly:0 HLODRelevant:0
 |- ContainerInstances:
 |- [+] MainContainer:
 |   |-        ID: 0x0000000000000000
 |   |-    Bounds: IsValid=false, Min=(X=0.000 Y=0.000 Z=0.000), Max=(X=0.000 Y=0.000 Z=0.000)
 |   |- Transform: 0.000000,0.000000,0.000000|0.000000,0.000000,-0.000000|1.000000,1.000000,1.000000
 |   |- Container: /Game/FirstPerson/Maps/Level1
----------------------------------------------------------------------------------------------------------------
Level1 - Persistent Level
----------------------------------------------------------------------------------------------------------------
Always loaded Actor Count: 50 

----------------------------------------------------------------------------------------------------------------
Level1 - Runtime Spatial Hash - Streaming Grid - MainGrid
----------------------------------------------------------------------------------------------------------------
            Origin: X=0.000 Y=0.000 Z=0.000
         Cell Size: 12800
      World Bounds: IsValid=false, Min=(X=0.000 Y=0.000 Z=0.000), Max=(X=0.000 Y=0.000 Z=0.000)
     Loading Range: 25600.00
Block Slow Loading: No
 ClientOnlyVisible: No

[+] Grid Levels: 1
 |- Level  0: Cell Count    0 | Cell Size   12800 | Actor Count    0 (0.0%)

[+] Content of Grid Level 0

